ERROR - 2025-02-21 09:04:18 --> Error connecting to the database: CodeIgniter\Database\Exceptions\DatabaseException: ERROR:  invalid value for parameter "client_encoding": "utf8mb4" in /var/www/vhosts/saicasl.eu/apirest.saicasl.eu/api1/api/system/Database/Postgre/Connection.php:98
Stack trace:
#0 /var/www/vhosts/saicasl.eu/apirest.saicasl.eu/api1/api/system/Database/BaseConnection.php(421): CodeIgniter\Database\Postgre\Connection->connect()
#1 /var/www/vhosts/saicasl.eu/apirest.saicasl.eu/api1/api/system/Database/BaseConnection.php(620): CodeIgniter\Database\BaseConnection->initialize()
#2 /var/www/vhosts/saicasl.eu/apirest.saicasl.eu/api1/api/system/Database/BaseBuilder.php(1649): CodeIgniter\Database\BaseConnection->query()
#3 /var/www/vhosts/saicasl.eu/apirest.saicasl.eu/api1/api/system/Model.php(286): CodeIgniter\Database\BaseBuilder->get()
#4 /var/www/vhosts/saicasl.eu/apirest.saicasl.eu/api1/api/system/BaseModel.php(675): CodeIgniter\Model->doFindAll()
#5 /var/www/vhosts/saicasl.eu/apirest.saicasl.eu/api1/api/app/Controllers/ApiController.php(29): CodeIgniter\BaseModel->findAll()
#6 /var/www/vhosts/saicasl.eu/apirest.saicasl.eu/api1/api/system/CodeIgniter.php(933): APP\Controllers\ApiController->pruebaLlamada()
#7 /var/www/vhosts/saicasl.eu/apirest.saicasl.eu/api1/api/system/CodeIgniter.php(507): CodeIgniter\CodeIgniter->runController()
#8 /var/www/vhosts/saicasl.eu/apirest.saicasl.eu/api1/api/system/CodeIgniter.php(354): CodeIgniter\CodeIgniter->handleRequest()
#9 /var/www/vhosts/saicasl.eu/apirest.saicasl.eu/api1/api/system/Boot.php(334): CodeIgniter\CodeIgniter->run()
#10 /var/www/vhosts/saicasl.eu/apirest.saicasl.eu/api1/api/system/Boot.php(67): CodeIgniter\Boot::runCodeIgniter()
#11 /var/www/vhosts/saicasl.eu/apirest.saicasl.eu/api1/api/public/index.php(62): CodeIgniter\Boot::bootWeb()
#12 {main}
CRITICAL - 2025-02-21 09:04:18 --> CodeIgniter\Database\Exceptions\DatabaseException: Unable to connect to the database.
Main connection [Postgre]: ERROR:  invalid value for parameter "client_encoding": "utf8mb4"
[Method: GET, Route: pruebaLlamada]
in SYSTEMPATH/Database/BaseConnection.php on line 467.
 1 SYSTEMPATH/Database/BaseConnection.php(620): CodeIgniter\Database\BaseConnection->initialize()
 2 SYSTEMPATH/Database/BaseBuilder.php(1649): CodeIgniter\Database\BaseConnection->query()
 3 SYSTEMPATH/Model.php(286): CodeIgniter\Database\BaseBuilder->get()
 4 SYSTEMPATH/BaseModel.php(675): CodeIgniter\Model->doFindAll()
 5 APPPATH/Controllers/ApiController.php(29): CodeIgniter\BaseModel->findAll()
 6 SYSTEMPATH/CodeIgniter.php(933): APP\Controllers\ApiController->pruebaLlamada()
 7 SYSTEMPATH/CodeIgniter.php(507): CodeIgniter\CodeIgniter->runController()
 8 SYSTEMPATH/CodeIgniter.php(354): CodeIgniter\CodeIgniter->handleRequest()
 9 SYSTEMPATH/Boot.php(334): CodeIgniter\CodeIgniter->run()
10 SYSTEMPATH/Boot.php(67): CodeIgniter\Boot::runCodeIgniter()
11 FCPATH/index.php(62): CodeIgniter\Boot::bootWeb()
ERROR - 2025-02-21 09:06:13 --> Error connecting to the database: CodeIgniter\Database\Exceptions\DatabaseException: ERROR:  invalid value for parameter "client_encoding": "utf8mb4" in /var/www/vhosts/saicasl.eu/apirest.saicasl.eu/api1/api/system/Database/Postgre/Connection.php:98
Stack trace:
#0 /var/www/vhosts/saicasl.eu/apirest.saicasl.eu/api1/api/system/Database/BaseConnection.php(421): CodeIgniter\Database\Postgre\Connection->connect()
#1 /var/www/vhosts/saicasl.eu/apirest.saicasl.eu/api1/api/system/Database/BaseConnection.php(620): CodeIgniter\Database\BaseConnection->initialize()
#2 /var/www/vhosts/saicasl.eu/apirest.saicasl.eu/api1/api/system/Database/BaseBuilder.php(1649): CodeIgniter\Database\BaseConnection->query()
#3 /var/www/vhosts/saicasl.eu/apirest.saicasl.eu/api1/api/system/Model.php(286): CodeIgniter\Database\BaseBuilder->get()
#4 /var/www/vhosts/saicasl.eu/apirest.saicasl.eu/api1/api/system/BaseModel.php(675): CodeIgniter\Model->doFindAll()
#5 /var/www/vhosts/saicasl.eu/apirest.saicasl.eu/api1/api/app/Controllers/ApiController.php(29): CodeIgniter\BaseModel->findAll()
#6 /var/www/vhosts/saicasl.eu/apirest.saicasl.eu/api1/api/system/CodeIgniter.php(933): APP\Controllers\ApiController->pruebaLlamada()
#7 /var/www/vhosts/saicasl.eu/apirest.saicasl.eu/api1/api/system/CodeIgniter.php(507): CodeIgniter\CodeIgniter->runController()
#8 /var/www/vhosts/saicasl.eu/apirest.saicasl.eu/api1/api/system/CodeIgniter.php(354): CodeIgniter\CodeIgniter->handleRequest()
#9 /var/www/vhosts/saicasl.eu/apirest.saicasl.eu/api1/api/system/Boot.php(334): CodeIgniter\CodeIgniter->run()
#10 /var/www/vhosts/saicasl.eu/apirest.saicasl.eu/api1/api/system/Boot.php(67): CodeIgniter\Boot::runCodeIgniter()
#11 /var/www/vhosts/saicasl.eu/apirest.saicasl.eu/api1/api/public/index.php(62): CodeIgniter\Boot::bootWeb()
#12 {main}
CRITICAL - 2025-02-21 09:06:13 --> CodeIgniter\Database\Exceptions\DatabaseException: Unable to connect to the database.
Main connection [Postgre]: ERROR:  invalid value for parameter "client_encoding": "utf8mb4"
[Method: GET, Route: pruebaLlamada]
in SYSTEMPATH/Database/BaseConnection.php on line 467.
 1 SYSTEMPATH/Database/BaseConnection.php(620): CodeIgniter\Database\BaseConnection->initialize()
 2 SYSTEMPATH/Database/BaseBuilder.php(1649): CodeIgniter\Database\BaseConnection->query()
 3 SYSTEMPATH/Model.php(286): CodeIgniter\Database\BaseBuilder->get()
 4 SYSTEMPATH/BaseModel.php(675): CodeIgniter\Model->doFindAll()
 5 APPPATH/Controllers/ApiController.php(29): CodeIgniter\BaseModel->findAll()
 6 SYSTEMPATH/CodeIgniter.php(933): APP\Controllers\ApiController->pruebaLlamada()
 7 SYSTEMPATH/CodeIgniter.php(507): CodeIgniter\CodeIgniter->runController()
 8 SYSTEMPATH/CodeIgniter.php(354): CodeIgniter\CodeIgniter->handleRequest()
 9 SYSTEMPATH/Boot.php(334): CodeIgniter\CodeIgniter->run()
10 SYSTEMPATH/Boot.php(67): CodeIgniter\Boot::runCodeIgniter()
11 FCPATH/index.php(62): CodeIgniter\Boot::bootWeb()
