CRITICAL - 2025-03-20 09:39:37 --> CodeIgniter\Validation\Exceptions\ValidationException: "boolean" is not a valid rule.
[Method: GET, Route: recibirJuegos]
in SYSTEMPATH/Validation/Validation.php on line 346.
 1 SYSTEMPATH/Validation/Validation.php(346): CodeIgniter\Validation\Exceptions\ValidationException::forRuleNotFound()
 2 SYSTEMPATH/Validation/Validation.php(202): CodeIgniter\Validation\Validation->processRules()
 3 SYSTEMPATH/BaseModel.php(1576): CodeIgniter\Validation\Validation->run()
 4 SYSTEMPATH/BaseModel.php(808): CodeIgniter\BaseModel->validate()
 5 SYSTEMPATH/Model.php(800): CodeIgniter\BaseModel->insert()
 6 APPPATH/Controllers/ApiController.php(202): CodeIgniter\Model->insert()
 7 APPPATH/Controllers/ApiController.php(31): App\Controllers\ApiController->rellenarBaseDatos()
 8 SYSTEMPATH/CodeIgniter.php(933): App\Controllers\ApiController->recibirJuegos()
 9 SYSTEMPATH/CodeIgniter.php(507): CodeIgniter\CodeIgniter->runController()
10 SYSTEMPATH/CodeIgniter.php(354): CodeIgniter\CodeIgniter->handleRequest()
11 SYSTEMPATH/Boot.php(334): CodeIgniter\CodeIgniter->run()
12 SYSTEMPATH/Boot.php(67): CodeIgniter\Boot::runCodeIgniter()
13 FCPATH/index.php(62): CodeIgniter\Boot::bootWeb()
ERROR - 2025-03-20 09:42:22 --> ErrorException: pg_query(): Query failed: ERROR:  column &quot;creado_por_admin&quot; is of type boolean but expression is of type integer
LINE 9: ...tiende a mantener a todos ocupados y comprometidos.&lt;/p&gt;', 1)
                                                                     ^
HINT:  You will need to rewrite or cast the expression. in /var/www/vhosts/saicasl.eu/apirest.saicasl.eu/api1/api/system/Database/Postgre/Connection.php:206
Stack trace:
#0 [internal function]: CodeIgniter\Debug\Exceptions->errorHandler()
#1 /var/www/vhosts/saicasl.eu/apirest.saicasl.eu/api1/api/system/Database/Postgre/Connection.php(206): pg_query()
#2 /var/www/vhosts/saicasl.eu/apirest.saicasl.eu/api1/api/system/Database/BaseConnection.php(738): CodeIgniter\Database\Postgre\Connection->execute()
#3 /var/www/vhosts/saicasl.eu/apirest.saicasl.eu/api1/api/system/Database/BaseConnection.php(652): CodeIgniter\Database\BaseConnection->simpleQuery()
#4 /var/www/vhosts/saicasl.eu/apirest.saicasl.eu/api1/api/system/Database/BaseBuilder.php(2345): CodeIgniter\Database\BaseConnection->query()
#5 /var/www/vhosts/saicasl.eu/apirest.saicasl.eu/api1/api/system/Model.php(394): CodeIgniter\Database\BaseBuilder->insert()
#6 /var/www/vhosts/saicasl.eu/apirest.saicasl.eu/api1/api/system/BaseModel.php(839): CodeIgniter\Model->doInsert()
#7 /var/www/vhosts/saicasl.eu/apirest.saicasl.eu/api1/api/system/Model.php(800): CodeIgniter\BaseModel->insert()
#8 /var/www/vhosts/saicasl.eu/apirest.saicasl.eu/api1/api/app/Controllers/ApiController.php(202): CodeIgniter\Model->insert()
#9 /var/www/vhosts/saicasl.eu/apirest.saicasl.eu/api1/api/app/Controllers/ApiController.php(31): App\Controllers\ApiController->rellenarBaseDatos()
#10 /var/www/vhosts/saicasl.eu/apirest.saicasl.eu/api1/api/system/CodeIgniter.php(933): App\Controllers\ApiController->recibirJuegos()
#11 /var/www/vhosts/saicasl.eu/apirest.saicasl.eu/api1/api/system/CodeIgniter.php(507): CodeIgniter\CodeIgniter->runController()
#12 /var/www/vhosts/saicasl.eu/apirest.saicasl.eu/api1/api/system/CodeIgniter.php(354): CodeIgniter\CodeIgniter->handleRequest()
#13 /var/www/vhosts/saicasl.eu/apirest.saicasl.eu/api1/api/system/Boot.php(334): CodeIgniter\CodeIgniter->run()
#14 /var/www/vhosts/saicasl.eu/apirest.saicasl.eu/api1/api/system/Boot.php(67): CodeIgniter\Boot::runCodeIgniter()
#15 /var/www/vhosts/saicasl.eu/apirest.saicasl.eu/api1/api/public/index.php(62): CodeIgniter\Boot::bootWeb()
#16 {main}
ERROR - 2025-03-20 09:42:23 --> ErrorException: pg_query(): Query failed: ERROR:  current transaction is aborted, commands ignored until end of transaction block in /var/www/vhosts/saicasl.eu/apirest.saicasl.eu/api1/api/system/Database/Postgre/Connection.php:206
Stack trace:
#0 [internal function]: CodeIgniter\Debug\Exceptions->errorHandler()
#1 /var/www/vhosts/saicasl.eu/apirest.saicasl.eu/api1/api/system/Database/Postgre/Connection.php(206): pg_query()
#2 /var/www/vhosts/saicasl.eu/apirest.saicasl.eu/api1/api/system/Database/BaseConnection.php(738): CodeIgniter\Database\Postgre\Connection->execute()
#3 /var/www/vhosts/saicasl.eu/apirest.saicasl.eu/api1/api/system/Database/BaseConnection.php(652): CodeIgniter\Database\BaseConnection->simpleQuery()
#4 /var/www/vhosts/saicasl.eu/apirest.saicasl.eu/api1/api/system/Database/BaseBuilder.php(2345): CodeIgniter\Database\BaseConnection->query()
#5 /var/www/vhosts/saicasl.eu/apirest.saicasl.eu/api1/api/system/Model.php(394): CodeIgniter\Database\BaseBuilder->insert()
#6 /var/www/vhosts/saicasl.eu/apirest.saicasl.eu/api1/api/system/BaseModel.php(839): CodeIgniter\Model->doInsert()
#7 /var/www/vhosts/saicasl.eu/apirest.saicasl.eu/api1/api/system/Model.php(800): CodeIgniter\BaseModel->insert()
#8 /var/www/vhosts/saicasl.eu/apirest.saicasl.eu/api1/api/app/Controllers/ApiController.php(202): CodeIgniter\Model->insert()
#9 /var/www/vhosts/saicasl.eu/apirest.saicasl.eu/api1/api/app/Controllers/ApiController.php(31): App\Controllers\ApiController->rellenarBaseDatos()
#10 /var/www/vhosts/saicasl.eu/apirest.saicasl.eu/api1/api/system/CodeIgniter.php(933): App\Controllers\ApiController->recibirJuegos()
#11 /var/www/vhosts/saicasl.eu/apirest.saicasl.eu/api1/api/system/CodeIgniter.php(507): CodeIgniter\CodeIgniter->runController()
#12 /var/www/vhosts/saicasl.eu/apirest.saicasl.eu/api1/api/system/CodeIgniter.php(354): CodeIgniter\CodeIgniter->handleRequest()
#13 /var/www/vhosts/saicasl.eu/apirest.saicasl.eu/api1/api/system/Boot.php(334): CodeIgniter\CodeIgniter->run()
#14 /var/www/vhosts/saicasl.eu/apirest.saicasl.eu/api1/api/system/Boot.php(67): CodeIgniter\Boot::runCodeIgniter()
#15 /var/www/vhosts/saicasl.eu/apirest.saicasl.eu/api1/api/public/index.php(62): CodeIgniter\Boot::bootWeb()
#16 {main}
ERROR - 2025-03-20 09:42:23 --> ErrorException: pg_query(): Query failed: ERROR:  current transaction is aborted, commands ignored until end of transaction block in /var/www/vhosts/saicasl.eu/apirest.saicasl.eu/api1/api/system/Database/Postgre/Connection.php:206
Stack trace:
#0 [internal function]: CodeIgniter\Debug\Exceptions->errorHandler()
#1 /var/www/vhosts/saicasl.eu/apirest.saicasl.eu/api1/api/system/Database/Postgre/Connection.php(206): pg_query()
#2 /var/www/vhosts/saicasl.eu/apirest.saicasl.eu/api1/api/system/Database/BaseConnection.php(738): CodeIgniter\Database\Postgre\Connection->execute()
#3 /var/www/vhosts/saicasl.eu/apirest.saicasl.eu/api1/api/system/Database/BaseConnection.php(652): CodeIgniter\Database\BaseConnection->simpleQuery()
#4 /var/www/vhosts/saicasl.eu/apirest.saicasl.eu/api1/api/system/Database/BaseBuilder.php(2345): CodeIgniter\Database\BaseConnection->query()
#5 /var/www/vhosts/saicasl.eu/apirest.saicasl.eu/api1/api/system/Model.php(394): CodeIgniter\Database\BaseBuilder->insert()
#6 /var/www/vhosts/saicasl.eu/apirest.saicasl.eu/api1/api/system/BaseModel.php(839): CodeIgniter\Model->doInsert()
#7 /var/www/vhosts/saicasl.eu/apirest.saicasl.eu/api1/api/system/Model.php(800): CodeIgniter\BaseModel->insert()
#8 /var/www/vhosts/saicasl.eu/apirest.saicasl.eu/api1/api/app/Controllers/ApiController.php(202): CodeIgniter\Model->insert()
#9 /var/www/vhosts/saicasl.eu/apirest.saicasl.eu/api1/api/app/Controllers/ApiController.php(31): App\Controllers\ApiController->rellenarBaseDatos()
#10 /var/www/vhosts/saicasl.eu/apirest.saicasl.eu/api1/api/system/CodeIgniter.php(933): App\Controllers\ApiController->recibirJuegos()
#11 /var/www/vhosts/saicasl.eu/apirest.saicasl.eu/api1/api/system/CodeIgniter.php(507): CodeIgniter\CodeIgniter->runController()
#12 /var/www/vhosts/saicasl.eu/apirest.saicasl.eu/api1/api/system/CodeIgniter.php(354): CodeIgniter\CodeIgniter->handleRequest()
#13 /var/www/vhosts/saicasl.eu/apirest.saicasl.eu/api1/api/system/Boot.php(334): CodeIgniter\CodeIgniter->run()
#14 /var/www/vhosts/saicasl.eu/apirest.saicasl.eu/api1/api/system/Boot.php(67): CodeIgniter\Boot::runCodeIgniter()
#15 /var/www/vhosts/saicasl.eu/apirest.saicasl.eu/api1/api/public/index.php(62): CodeIgniter\Boot::bootWeb()
#16 {main}
ERROR - 2025-03-20 09:42:23 --> ErrorException: pg_query(): Query failed: ERROR:  current transaction is aborted, commands ignored until end of transaction block in /var/www/vhosts/saicasl.eu/apirest.saicasl.eu/api1/api/system/Database/Postgre/Connection.php:206
Stack trace:
#0 [internal function]: CodeIgniter\Debug\Exceptions->errorHandler()
#1 /var/www/vhosts/saicasl.eu/apirest.saicasl.eu/api1/api/system/Database/Postgre/Connection.php(206): pg_query()
#2 /var/www/vhosts/saicasl.eu/apirest.saicasl.eu/api1/api/system/Database/BaseConnection.php(738): CodeIgniter\Database\Postgre\Connection->execute()
#3 /var/www/vhosts/saicasl.eu/apirest.saicasl.eu/api1/api/system/Database/BaseConnection.php(652): CodeIgniter\Database\BaseConnection->simpleQuery()
#4 /var/www/vhosts/saicasl.eu/apirest.saicasl.eu/api1/api/system/Database/BaseBuilder.php(2345): CodeIgniter\Database\BaseConnection->query()
#5 /var/www/vhosts/saicasl.eu/apirest.saicasl.eu/api1/api/system/Model.php(394): CodeIgniter\Database\BaseBuilder->insert()
#6 /var/www/vhosts/saicasl.eu/apirest.saicasl.eu/api1/api/system/BaseModel.php(839): CodeIgniter\Model->doInsert()
#7 /var/www/vhosts/saicasl.eu/apirest.saicasl.eu/api1/api/system/Model.php(800): CodeIgniter\BaseModel->insert()
#8 /var/www/vhosts/saicasl.eu/apirest.saicasl.eu/api1/api/app/Controllers/ApiController.php(202): CodeIgniter\Model->insert()
#9 /var/www/vhosts/saicasl.eu/apirest.saicasl.eu/api1/api/app/Controllers/ApiController.php(31): App\Controllers\ApiController->rellenarBaseDatos()
#10 /var/www/vhosts/saicasl.eu/apirest.saicasl.eu/api1/api/system/CodeIgniter.php(933): App\Controllers\ApiController->recibirJuegos()
#11 /var/www/vhosts/saicasl.eu/apirest.saicasl.eu/api1/api/system/CodeIgniter.php(507): CodeIgniter\CodeIgniter->runController()
#12 /var/www/vhosts/saicasl.eu/apirest.saicasl.eu/api1/api/system/CodeIgniter.php(354): CodeIgniter\CodeIgniter->handleRequest()
#13 /var/www/vhosts/saicasl.eu/apirest.saicasl.eu/api1/api/system/Boot.php(334): CodeIgniter\CodeIgniter->run()
#14 /var/www/vhosts/saicasl.eu/apirest.saicasl.eu/api1/api/system/Boot.php(67): CodeIgniter\Boot::runCodeIgniter()
#15 /var/www/vhosts/saicasl.eu/apirest.saicasl.eu/api1/api/public/index.php(62): CodeIgniter\Boot::bootWeb()
#16 {main}
ERROR - 2025-03-20 09:42:23 --> ErrorException: pg_query(): Query failed: ERROR:  current transaction is aborted, commands ignored until end of transaction block in /var/www/vhosts/saicasl.eu/apirest.saicasl.eu/api1/api/system/Database/Postgre/Connection.php:206
Stack trace:
#0 [internal function]: CodeIgniter\Debug\Exceptions->errorHandler()
#1 /var/www/vhosts/saicasl.eu/apirest.saicasl.eu/api1/api/system/Database/Postgre/Connection.php(206): pg_query()
#2 /var/www/vhosts/saicasl.eu/apirest.saicasl.eu/api1/api/system/Database/BaseConnection.php(738): CodeIgniter\Database\Postgre\Connection->execute()
#3 /var/www/vhosts/saicasl.eu/apirest.saicasl.eu/api1/api/system/Database/BaseConnection.php(652): CodeIgniter\Database\BaseConnection->simpleQuery()
#4 /var/www/vhosts/saicasl.eu/apirest.saicasl.eu/api1/api/system/Database/BaseBuilder.php(2345): CodeIgniter\Database\BaseConnection->query()
#5 /var/www/vhosts/saicasl.eu/apirest.saicasl.eu/api1/api/system/Model.php(394): CodeIgniter\Database\BaseBuilder->insert()
#6 /var/www/vhosts/saicasl.eu/apirest.saicasl.eu/api1/api/system/BaseModel.php(839): CodeIgniter\Model->doInsert()
#7 /var/www/vhosts/saicasl.eu/apirest.saicasl.eu/api1/api/system/Model.php(800): CodeIgniter\BaseModel->insert()
#8 /var/www/vhosts/saicasl.eu/apirest.saicasl.eu/api1/api/app/Controllers/ApiController.php(202): CodeIgniter\Model->insert()
#9 /var/www/vhosts/saicasl.eu/apirest.saicasl.eu/api1/api/app/Controllers/ApiController.php(31): App\Controllers\ApiController->rellenarBaseDatos()
#10 /var/www/vhosts/saicasl.eu/apirest.saicasl.eu/api1/api/system/CodeIgniter.php(933): App\Controllers\ApiController->recibirJuegos()
#11 /var/www/vhosts/saicasl.eu/apirest.saicasl.eu/api1/api/system/CodeIgniter.php(507): CodeIgniter\CodeIgniter->runController()
#12 /var/www/vhosts/saicasl.eu/apirest.saicasl.eu/api1/api/system/CodeIgniter.php(354): CodeIgniter\CodeIgniter->handleRequest()
#13 /var/www/vhosts/saicasl.eu/apirest.saicasl.eu/api1/api/system/Boot.php(334): CodeIgniter\CodeIgniter->run()
#14 /var/www/vhosts/saicasl.eu/apirest.saicasl.eu/api1/api/system/Boot.php(67): CodeIgniter\Boot::runCodeIgniter()
#15 /var/www/vhosts/saicasl.eu/apirest.saicasl.eu/api1/api/public/index.php(62): CodeIgniter\Boot::bootWeb()
#16 {main}
ERROR - 2025-03-20 09:42:24 --> ErrorException: pg_query(): Query failed: ERROR:  current transaction is aborted, commands ignored until end of transaction block in /var/www/vhosts/saicasl.eu/apirest.saicasl.eu/api1/api/system/Database/Postgre/Connection.php:206
Stack trace:
#0 [internal function]: CodeIgniter\Debug\Exceptions->errorHandler()
#1 /var/www/vhosts/saicasl.eu/apirest.saicasl.eu/api1/api/system/Database/Postgre/Connection.php(206): pg_query()
#2 /var/www/vhosts/saicasl.eu/apirest.saicasl.eu/api1/api/system/Database/BaseConnection.php(738): CodeIgniter\Database\Postgre\Connection->execute()
#3 /var/www/vhosts/saicasl.eu/apirest.saicasl.eu/api1/api/system/Database/BaseConnection.php(652): CodeIgniter\Database\BaseConnection->simpleQuery()
#4 /var/www/vhosts/saicasl.eu/apirest.saicasl.eu/api1/api/system/Database/BaseBuilder.php(2345): CodeIgniter\Database\BaseConnection->query()
#5 /var/www/vhosts/saicasl.eu/apirest.saicasl.eu/api1/api/system/Model.php(394): CodeIgniter\Database\BaseBuilder->insert()
#6 /var/www/vhosts/saicasl.eu/apirest.saicasl.eu/api1/api/system/BaseModel.php(839): CodeIgniter\Model->doInsert()
#7 /var/www/vhosts/saicasl.eu/apirest.saicasl.eu/api1/api/system/Model.php(800): CodeIgniter\BaseModel->insert()
#8 /var/www/vhosts/saicasl.eu/apirest.saicasl.eu/api1/api/app/Controllers/ApiController.php(202): CodeIgniter\Model->insert()
#9 /var/www/vhosts/saicasl.eu/apirest.saicasl.eu/api1/api/app/Controllers/ApiController.php(31): App\Controllers\ApiController->rellenarBaseDatos()
#10 /var/www/vhosts/saicasl.eu/apirest.saicasl.eu/api1/api/system/CodeIgniter.php(933): App\Controllers\ApiController->recibirJuegos()
#11 /var/www/vhosts/saicasl.eu/apirest.saicasl.eu/api1/api/system/CodeIgniter.php(507): CodeIgniter\CodeIgniter->runController()
#12 /var/www/vhosts/saicasl.eu/apirest.saicasl.eu/api1/api/system/CodeIgniter.php(354): CodeIgniter\CodeIgniter->handleRequest()
#13 /var/www/vhosts/saicasl.eu/apirest.saicasl.eu/api1/api/system/Boot.php(334): CodeIgniter\CodeIgniter->run()
#14 /var/www/vhosts/saicasl.eu/apirest.saicasl.eu/api1/api/system/Boot.php(67): CodeIgniter\Boot::runCodeIgniter()
#15 /var/www/vhosts/saicasl.eu/apirest.saicasl.eu/api1/api/public/index.php(62): CodeIgniter\Boot::bootWeb()
#16 {main}
ERROR - 2025-03-20 09:42:24 --> ErrorException: pg_query(): Query failed: ERROR:  current transaction is aborted, commands ignored until end of transaction block in /var/www/vhosts/saicasl.eu/apirest.saicasl.eu/api1/api/system/Database/Postgre/Connection.php:206
Stack trace:
#0 [internal function]: CodeIgniter\Debug\Exceptions->errorHandler()
#1 /var/www/vhosts/saicasl.eu/apirest.saicasl.eu/api1/api/system/Database/Postgre/Connection.php(206): pg_query()
#2 /var/www/vhosts/saicasl.eu/apirest.saicasl.eu/api1/api/system/Database/BaseConnection.php(738): CodeIgniter\Database\Postgre\Connection->execute()
#3 /var/www/vhosts/saicasl.eu/apirest.saicasl.eu/api1/api/system/Database/BaseConnection.php(652): CodeIgniter\Database\BaseConnection->simpleQuery()
#4 /var/www/vhosts/saicasl.eu/apirest.saicasl.eu/api1/api/system/Database/BaseBuilder.php(2345): CodeIgniter\Database\BaseConnection->query()
#5 /var/www/vhosts/saicasl.eu/apirest.saicasl.eu/api1/api/system/Model.php(394): CodeIgniter\Database\BaseBuilder->insert()
#6 /var/www/vhosts/saicasl.eu/apirest.saicasl.eu/api1/api/system/BaseModel.php(839): CodeIgniter\Model->doInsert()
#7 /var/www/vhosts/saicasl.eu/apirest.saicasl.eu/api1/api/system/Model.php(800): CodeIgniter\BaseModel->insert()
#8 /var/www/vhosts/saicasl.eu/apirest.saicasl.eu/api1/api/app/Controllers/ApiController.php(202): CodeIgniter\Model->insert()
#9 /var/www/vhosts/saicasl.eu/apirest.saicasl.eu/api1/api/app/Controllers/ApiController.php(31): App\Controllers\ApiController->rellenarBaseDatos()
#10 /var/www/vhosts/saicasl.eu/apirest.saicasl.eu/api1/api/system/CodeIgniter.php(933): App\Controllers\ApiController->recibirJuegos()
#11 /var/www/vhosts/saicasl.eu/apirest.saicasl.eu/api1/api/system/CodeIgniter.php(507): CodeIgniter\CodeIgniter->runController()
#12 /var/www/vhosts/saicasl.eu/apirest.saicasl.eu/api1/api/system/CodeIgniter.php(354): CodeIgniter\CodeIgniter->handleRequest()
#13 /var/www/vhosts/saicasl.eu/apirest.saicasl.eu/api1/api/system/Boot.php(334): CodeIgniter\CodeIgniter->run()
#14 /var/www/vhosts/saicasl.eu/apirest.saicasl.eu/api1/api/system/Boot.php(67): CodeIgniter\Boot::runCodeIgniter()
#15 /var/www/vhosts/saicasl.eu/apirest.saicasl.eu/api1/api/public/index.php(62): CodeIgniter\Boot::bootWeb()
#16 {main}
ERROR - 2025-03-20 09:42:24 --> ErrorException: pg_query(): Query failed: ERROR:  current transaction is aborted, commands ignored until end of transaction block in /var/www/vhosts/saicasl.eu/apirest.saicasl.eu/api1/api/system/Database/Postgre/Connection.php:206
Stack trace:
#0 [internal function]: CodeIgniter\Debug\Exceptions->errorHandler()
#1 /var/www/vhosts/saicasl.eu/apirest.saicasl.eu/api1/api/system/Database/Postgre/Connection.php(206): pg_query()
#2 /var/www/vhosts/saicasl.eu/apirest.saicasl.eu/api1/api/system/Database/BaseConnection.php(738): CodeIgniter\Database\Postgre\Connection->execute()
#3 /var/www/vhosts/saicasl.eu/apirest.saicasl.eu/api1/api/system/Database/BaseConnection.php(652): CodeIgniter\Database\BaseConnection->simpleQuery()
#4 /var/www/vhosts/saicasl.eu/apirest.saicasl.eu/api1/api/system/Database/BaseBuilder.php(2345): CodeIgniter\Database\BaseConnection->query()
#5 /var/www/vhosts/saicasl.eu/apirest.saicasl.eu/api1/api/system/Model.php(394): CodeIgniter\Database\BaseBuilder->insert()
#6 /var/www/vhosts/saicasl.eu/apirest.saicasl.eu/api1/api/system/BaseModel.php(839): CodeIgniter\Model->doInsert()
#7 /var/www/vhosts/saicasl.eu/apirest.saicasl.eu/api1/api/system/Model.php(800): CodeIgniter\BaseModel->insert()
#8 /var/www/vhosts/saicasl.eu/apirest.saicasl.eu/api1/api/app/Controllers/ApiController.php(202): CodeIgniter\Model->insert()
#9 /var/www/vhosts/saicasl.eu/apirest.saicasl.eu/api1/api/app/Controllers/ApiController.php(31): App\Controllers\ApiController->rellenarBaseDatos()
#10 /var/www/vhosts/saicasl.eu/apirest.saicasl.eu/api1/api/system/CodeIgniter.php(933): App\Controllers\ApiController->recibirJuegos()
#11 /var/www/vhosts/saicasl.eu/apirest.saicasl.eu/api1/api/system/CodeIgniter.php(507): CodeIgniter\CodeIgniter->runController()
#12 /var/www/vhosts/saicasl.eu/apirest.saicasl.eu/api1/api/system/CodeIgniter.php(354): CodeIgniter\CodeIgniter->handleRequest()
#13 /var/www/vhosts/saicasl.eu/apirest.saicasl.eu/api1/api/system/Boot.php(334): CodeIgniter\CodeIgniter->run()
#14 /var/www/vhosts/saicasl.eu/apirest.saicasl.eu/api1/api/system/Boot.php(67): CodeIgniter\Boot::runCodeIgniter()
#15 /var/www/vhosts/saicasl.eu/apirest.saicasl.eu/api1/api/public/index.php(62): CodeIgniter\Boot::bootWeb()
#16 {main}
ERROR - 2025-03-20 09:42:25 --> ErrorException: pg_query(): Query failed: ERROR:  current transaction is aborted, commands ignored until end of transaction block in /var/www/vhosts/saicasl.eu/apirest.saicasl.eu/api1/api/system/Database/Postgre/Connection.php:206
Stack trace:
#0 [internal function]: CodeIgniter\Debug\Exceptions->errorHandler()
#1 /var/www/vhosts/saicasl.eu/apirest.saicasl.eu/api1/api/system/Database/Postgre/Connection.php(206): pg_query()
#2 /var/www/vhosts/saicasl.eu/apirest.saicasl.eu/api1/api/system/Database/BaseConnection.php(738): CodeIgniter\Database\Postgre\Connection->execute()
#3 /var/www/vhosts/saicasl.eu/apirest.saicasl.eu/api1/api/system/Database/BaseConnection.php(652): CodeIgniter\Database\BaseConnection->simpleQuery()
#4 /var/www/vhosts/saicasl.eu/apirest.saicasl.eu/api1/api/system/Database/BaseBuilder.php(2345): CodeIgniter\Database\BaseConnection->query()
#5 /var/www/vhosts/saicasl.eu/apirest.saicasl.eu/api1/api/system/Model.php(394): CodeIgniter\Database\BaseBuilder->insert()
#6 /var/www/vhosts/saicasl.eu/apirest.saicasl.eu/api1/api/system/BaseModel.php(839): CodeIgniter\Model->doInsert()
#7 /var/www/vhosts/saicasl.eu/apirest.saicasl.eu/api1/api/system/Model.php(800): CodeIgniter\BaseModel->insert()
#8 /var/www/vhosts/saicasl.eu/apirest.saicasl.eu/api1/api/app/Controllers/ApiController.php(202): CodeIgniter\Model->insert()
#9 /var/www/vhosts/saicasl.eu/apirest.saicasl.eu/api1/api/app/Controllers/ApiController.php(31): App\Controllers\ApiController->rellenarBaseDatos()
#10 /var/www/vhosts/saicasl.eu/apirest.saicasl.eu/api1/api/system/CodeIgniter.php(933): App\Controllers\ApiController->recibirJuegos()
#11 /var/www/vhosts/saicasl.eu/apirest.saicasl.eu/api1/api/system/CodeIgniter.php(507): CodeIgniter\CodeIgniter->runController()
#12 /var/www/vhosts/saicasl.eu/apirest.saicasl.eu/api1/api/system/CodeIgniter.php(354): CodeIgniter\CodeIgniter->handleRequest()
#13 /var/www/vhosts/saicasl.eu/apirest.saicasl.eu/api1/api/system/Boot.php(334): CodeIgniter\CodeIgniter->run()
#14 /var/www/vhosts/saicasl.eu/apirest.saicasl.eu/api1/api/system/Boot.php(67): CodeIgniter\Boot::runCodeIgniter()
#15 /var/www/vhosts/saicasl.eu/apirest.saicasl.eu/api1/api/public/index.php(62): CodeIgniter\Boot::bootWeb()
#16 {main}
ERROR - 2025-03-20 09:42:25 --> ErrorException: pg_query(): Query failed: ERROR:  current transaction is aborted, commands ignored until end of transaction block in /var/www/vhosts/saicasl.eu/apirest.saicasl.eu/api1/api/system/Database/Postgre/Connection.php:206
Stack trace:
#0 [internal function]: CodeIgniter\Debug\Exceptions->errorHandler()
#1 /var/www/vhosts/saicasl.eu/apirest.saicasl.eu/api1/api/system/Database/Postgre/Connection.php(206): pg_query()
#2 /var/www/vhosts/saicasl.eu/apirest.saicasl.eu/api1/api/system/Database/BaseConnection.php(738): CodeIgniter\Database\Postgre\Connection->execute()
#3 /var/www/vhosts/saicasl.eu/apirest.saicasl.eu/api1/api/system/Database/BaseConnection.php(652): CodeIgniter\Database\BaseConnection->simpleQuery()
#4 /var/www/vhosts/saicasl.eu/apirest.saicasl.eu/api1/api/system/Database/BaseBuilder.php(2345): CodeIgniter\Database\BaseConnection->query()
#5 /var/www/vhosts/saicasl.eu/apirest.saicasl.eu/api1/api/system/Model.php(394): CodeIgniter\Database\BaseBuilder->insert()
#6 /var/www/vhosts/saicasl.eu/apirest.saicasl.eu/api1/api/system/BaseModel.php(839): CodeIgniter\Model->doInsert()
#7 /var/www/vhosts/saicasl.eu/apirest.saicasl.eu/api1/api/system/Model.php(800): CodeIgniter\BaseModel->insert()
#8 /var/www/vhosts/saicasl.eu/apirest.saicasl.eu/api1/api/app/Controllers/ApiController.php(202): CodeIgniter\Model->insert()
#9 /var/www/vhosts/saicasl.eu/apirest.saicasl.eu/api1/api/app/Controllers/ApiController.php(31): App\Controllers\ApiController->rellenarBaseDatos()
#10 /var/www/vhosts/saicasl.eu/apirest.saicasl.eu/api1/api/system/CodeIgniter.php(933): App\Controllers\ApiController->recibirJuegos()
#11 /var/www/vhosts/saicasl.eu/apirest.saicasl.eu/api1/api/system/CodeIgniter.php(507): CodeIgniter\CodeIgniter->runController()
#12 /var/www/vhosts/saicasl.eu/apirest.saicasl.eu/api1/api/system/CodeIgniter.php(354): CodeIgniter\CodeIgniter->handleRequest()
#13 /var/www/vhosts/saicasl.eu/apirest.saicasl.eu/api1/api/system/Boot.php(334): CodeIgniter\CodeIgniter->run()
#14 /var/www/vhosts/saicasl.eu/apirest.saicasl.eu/api1/api/system/Boot.php(67): CodeIgniter\Boot::runCodeIgniter()
#15 /var/www/vhosts/saicasl.eu/apirest.saicasl.eu/api1/api/public/index.php(62): CodeIgniter\Boot::bootWeb()
#16 {main}
ERROR - 2025-03-20 09:42:25 --> ErrorException: pg_query(): Query failed: ERROR:  current transaction is aborted, commands ignored until end of transaction block in /var/www/vhosts/saicasl.eu/apirest.saicasl.eu/api1/api/system/Database/Postgre/Connection.php:206
Stack trace:
#0 [internal function]: CodeIgniter\Debug\Exceptions->errorHandler()
#1 /var/www/vhosts/saicasl.eu/apirest.saicasl.eu/api1/api/system/Database/Postgre/Connection.php(206): pg_query()
#2 /var/www/vhosts/saicasl.eu/apirest.saicasl.eu/api1/api/system/Database/BaseConnection.php(738): CodeIgniter\Database\Postgre\Connection->execute()
#3 /var/www/vhosts/saicasl.eu/apirest.saicasl.eu/api1/api/system/Database/BaseConnection.php(652): CodeIgniter\Database\BaseConnection->simpleQuery()
#4 /var/www/vhosts/saicasl.eu/apirest.saicasl.eu/api1/api/system/Database/BaseBuilder.php(2345): CodeIgniter\Database\BaseConnection->query()
#5 /var/www/vhosts/saicasl.eu/apirest.saicasl.eu/api1/api/system/Model.php(394): CodeIgniter\Database\BaseBuilder->insert()
#6 /var/www/vhosts/saicasl.eu/apirest.saicasl.eu/api1/api/system/BaseModel.php(839): CodeIgniter\Model->doInsert()
#7 /var/www/vhosts/saicasl.eu/apirest.saicasl.eu/api1/api/system/Model.php(800): CodeIgniter\BaseModel->insert()
#8 /var/www/vhosts/saicasl.eu/apirest.saicasl.eu/api1/api/app/Controllers/ApiController.php(202): CodeIgniter\Model->insert()
#9 /var/www/vhosts/saicasl.eu/apirest.saicasl.eu/api1/api/app/Controllers/ApiController.php(31): App\Controllers\ApiController->rellenarBaseDatos()
#10 /var/www/vhosts/saicasl.eu/apirest.saicasl.eu/api1/api/system/CodeIgniter.php(933): App\Controllers\ApiController->recibirJuegos()
#11 /var/www/vhosts/saicasl.eu/apirest.saicasl.eu/api1/api/system/CodeIgniter.php(507): CodeIgniter\CodeIgniter->runController()
#12 /var/www/vhosts/saicasl.eu/apirest.saicasl.eu/api1/api/system/CodeIgniter.php(354): CodeIgniter\CodeIgniter->handleRequest()
#13 /var/www/vhosts/saicasl.eu/apirest.saicasl.eu/api1/api/system/Boot.php(334): CodeIgniter\CodeIgniter->run()
#14 /var/www/vhosts/saicasl.eu/apirest.saicasl.eu/api1/api/system/Boot.php(67): CodeIgniter\Boot::runCodeIgniter()
#15 /var/www/vhosts/saicasl.eu/apirest.saicasl.eu/api1/api/public/index.php(62): CodeIgniter\Boot::bootWeb()
#16 {main}
ERROR - 2025-03-20 09:42:25 --> ErrorException: pg_query(): Query failed: ERROR:  current transaction is aborted, commands ignored until end of transaction block in /var/www/vhosts/saicasl.eu/apirest.saicasl.eu/api1/api/system/Database/Postgre/Connection.php:206
Stack trace:
#0 [internal function]: CodeIgniter\Debug\Exceptions->errorHandler()
#1 /var/www/vhosts/saicasl.eu/apirest.saicasl.eu/api1/api/system/Database/Postgre/Connection.php(206): pg_query()
#2 /var/www/vhosts/saicasl.eu/apirest.saicasl.eu/api1/api/system/Database/BaseConnection.php(738): CodeIgniter\Database\Postgre\Connection->execute()
#3 /var/www/vhosts/saicasl.eu/apirest.saicasl.eu/api1/api/system/Database/BaseConnection.php(652): CodeIgniter\Database\BaseConnection->simpleQuery()
#4 /var/www/vhosts/saicasl.eu/apirest.saicasl.eu/api1/api/system/Database/BaseBuilder.php(2345): CodeIgniter\Database\BaseConnection->query()
#5 /var/www/vhosts/saicasl.eu/apirest.saicasl.eu/api1/api/system/Model.php(394): CodeIgniter\Database\BaseBuilder->insert()
#6 /var/www/vhosts/saicasl.eu/apirest.saicasl.eu/api1/api/system/BaseModel.php(839): CodeIgniter\Model->doInsert()
#7 /var/www/vhosts/saicasl.eu/apirest.saicasl.eu/api1/api/system/Model.php(800): CodeIgniter\BaseModel->insert()
#8 /var/www/vhosts/saicasl.eu/apirest.saicasl.eu/api1/api/app/Controllers/ApiController.php(202): CodeIgniter\Model->insert()
#9 /var/www/vhosts/saicasl.eu/apirest.saicasl.eu/api1/api/app/Controllers/ApiController.php(31): App\Controllers\ApiController->rellenarBaseDatos()
#10 /var/www/vhosts/saicasl.eu/apirest.saicasl.eu/api1/api/system/CodeIgniter.php(933): App\Controllers\ApiController->recibirJuegos()
#11 /var/www/vhosts/saicasl.eu/apirest.saicasl.eu/api1/api/system/CodeIgniter.php(507): CodeIgniter\CodeIgniter->runController()
#12 /var/www/vhosts/saicasl.eu/apirest.saicasl.eu/api1/api/system/CodeIgniter.php(354): CodeIgniter\CodeIgniter->handleRequest()
#13 /var/www/vhosts/saicasl.eu/apirest.saicasl.eu/api1/api/system/Boot.php(334): CodeIgniter\CodeIgniter->run()
#14 /var/www/vhosts/saicasl.eu/apirest.saicasl.eu/api1/api/system/Boot.php(67): CodeIgniter\Boot::runCodeIgniter()
#15 /var/www/vhosts/saicasl.eu/apirest.saicasl.eu/api1/api/public/index.php(62): CodeIgniter\Boot::bootWeb()
#16 {main}
CRITICAL - 2025-03-20 10:48:01 --> ErrorException: Undefined variable $nombre
[Method: GET, Route: recibirJuegos]
in APPPATH/Controllers/ApiController.php on line 184.
 1 APPPATH/Controllers/ApiController.php(184): CodeIgniter\Debug\Exceptions->errorHandler()
 2 APPPATH/Controllers/ApiController.php(31): App\Controllers\ApiController->rellenarBaseDatos()
 3 SYSTEMPATH/CodeIgniter.php(933): App\Controllers\ApiController->recibirJuegos()
 4 SYSTEMPATH/CodeIgniter.php(507): CodeIgniter\CodeIgniter->runController()
 5 SYSTEMPATH/CodeIgniter.php(354): CodeIgniter\CodeIgniter->handleRequest()
 6 SYSTEMPATH/Boot.php(334): CodeIgniter\CodeIgniter->run()
 7 SYSTEMPATH/Boot.php(67): CodeIgniter\Boot::runCodeIgniter()
 8 FCPATH/index.php(62): CodeIgniter\Boot::bootWeb()
ERROR - 2025-03-20 11:12:52 --> ErrorException: pg_query(): Query failed: ERROR:  column &quot;creado_por_admin&quot; is of type boolean but expression is of type integer
LINE 9: ...tiende a mantener a todos ocupados y comprometidos.&lt;/p&gt;', 0)
                                                                     ^
HINT:  You will need to rewrite or cast the expression. in /var/www/vhosts/saicasl.eu/apirest.saicasl.eu/api1/api/system/Database/Postgre/Connection.php:206
Stack trace:
#0 [internal function]: CodeIgniter\Debug\Exceptions->errorHandler()
#1 /var/www/vhosts/saicasl.eu/apirest.saicasl.eu/api1/api/system/Database/Postgre/Connection.php(206): pg_query()
#2 /var/www/vhosts/saicasl.eu/apirest.saicasl.eu/api1/api/system/Database/BaseConnection.php(738): CodeIgniter\Database\Postgre\Connection->execute()
#3 /var/www/vhosts/saicasl.eu/apirest.saicasl.eu/api1/api/system/Database/BaseConnection.php(652): CodeIgniter\Database\BaseConnection->simpleQuery()
#4 /var/www/vhosts/saicasl.eu/apirest.saicasl.eu/api1/api/system/Database/BaseBuilder.php(2345): CodeIgniter\Database\BaseConnection->query()
#5 /var/www/vhosts/saicasl.eu/apirest.saicasl.eu/api1/api/system/Model.php(394): CodeIgniter\Database\BaseBuilder->insert()
#6 /var/www/vhosts/saicasl.eu/apirest.saicasl.eu/api1/api/system/BaseModel.php(839): CodeIgniter\Model->doInsert()
#7 /var/www/vhosts/saicasl.eu/apirest.saicasl.eu/api1/api/system/Model.php(800): CodeIgniter\BaseModel->insert()
#8 /var/www/vhosts/saicasl.eu/apirest.saicasl.eu/api1/api/app/Controllers/ApiController.php(128): CodeIgniter\Model->insert()
#9 /var/www/vhosts/saicasl.eu/apirest.saicasl.eu/api1/api/app/Controllers/ApiController.php(31): App\Controllers\ApiController->rellenarBaseDatos()
#10 /var/www/vhosts/saicasl.eu/apirest.saicasl.eu/api1/api/system/CodeIgniter.php(933): App\Controllers\ApiController->recibirJuegos()
#11 /var/www/vhosts/saicasl.eu/apirest.saicasl.eu/api1/api/system/CodeIgniter.php(507): CodeIgniter\CodeIgniter->runController()
#12 /var/www/vhosts/saicasl.eu/apirest.saicasl.eu/api1/api/system/CodeIgniter.php(354): CodeIgniter\CodeIgniter->handleRequest()
#13 /var/www/vhosts/saicasl.eu/apirest.saicasl.eu/api1/api/system/Boot.php(334): CodeIgniter\CodeIgniter->run()
#14 /var/www/vhosts/saicasl.eu/apirest.saicasl.eu/api1/api/system/Boot.php(67): CodeIgniter\Boot::runCodeIgniter()
#15 /var/www/vhosts/saicasl.eu/apirest.saicasl.eu/api1/api/public/index.php(62): CodeIgniter\Boot::bootWeb()
#16 {main}
ERROR - 2025-03-20 11:14:48 --> ErrorException: pg_query(): Query failed: ERROR:  column &quot;creado_por_admin&quot; is of type boolean but expression is of type integer
LINE 9: ...tiende a mantener a todos ocupados y comprometidos.&lt;/p&gt;', 0)
                                                                     ^
HINT:  You will need to rewrite or cast the expression. in /var/www/vhosts/saicasl.eu/apirest.saicasl.eu/api1/api/system/Database/Postgre/Connection.php:206
Stack trace:
#0 [internal function]: CodeIgniter\Debug\Exceptions->errorHandler()
#1 /var/www/vhosts/saicasl.eu/apirest.saicasl.eu/api1/api/system/Database/Postgre/Connection.php(206): pg_query()
#2 /var/www/vhosts/saicasl.eu/apirest.saicasl.eu/api1/api/system/Database/BaseConnection.php(738): CodeIgniter\Database\Postgre\Connection->execute()
#3 /var/www/vhosts/saicasl.eu/apirest.saicasl.eu/api1/api/system/Database/BaseConnection.php(652): CodeIgniter\Database\BaseConnection->simpleQuery()
#4 /var/www/vhosts/saicasl.eu/apirest.saicasl.eu/api1/api/system/Database/BaseBuilder.php(2345): CodeIgniter\Database\BaseConnection->query()
#5 /var/www/vhosts/saicasl.eu/apirest.saicasl.eu/api1/api/system/Model.php(394): CodeIgniter\Database\BaseBuilder->insert()
#6 /var/www/vhosts/saicasl.eu/apirest.saicasl.eu/api1/api/system/BaseModel.php(839): CodeIgniter\Model->doInsert()
#7 /var/www/vhosts/saicasl.eu/apirest.saicasl.eu/api1/api/system/Model.php(800): CodeIgniter\BaseModel->insert()
#8 /var/www/vhosts/saicasl.eu/apirest.saicasl.eu/api1/api/app/Controllers/ApiController.php(206): CodeIgniter\Model->insert()
#9 /var/www/vhosts/saicasl.eu/apirest.saicasl.eu/api1/api/app/Controllers/ApiController.php(31): App\Controllers\ApiController->rellenarBaseDatos()
#10 /var/www/vhosts/saicasl.eu/apirest.saicasl.eu/api1/api/system/CodeIgniter.php(933): App\Controllers\ApiController->recibirJuegos()
#11 /var/www/vhosts/saicasl.eu/apirest.saicasl.eu/api1/api/system/CodeIgniter.php(507): CodeIgniter\CodeIgniter->runController()
#12 /var/www/vhosts/saicasl.eu/apirest.saicasl.eu/api1/api/system/CodeIgniter.php(354): CodeIgniter\CodeIgniter->handleRequest()
#13 /var/www/vhosts/saicasl.eu/apirest.saicasl.eu/api1/api/system/Boot.php(334): CodeIgniter\CodeIgniter->run()
#14 /var/www/vhosts/saicasl.eu/apirest.saicasl.eu/api1/api/system/Boot.php(67): CodeIgniter\Boot::runCodeIgniter()
#15 /var/www/vhosts/saicasl.eu/apirest.saicasl.eu/api1/api/public/index.php(62): CodeIgniter\Boot::bootWeb()
#16 {main}
ERROR - 2025-03-20 11:14:48 --> ErrorException: pg_query(): Query failed: ERROR:  current transaction is aborted, commands ignored until end of transaction block in /var/www/vhosts/saicasl.eu/apirest.saicasl.eu/api1/api/system/Database/Postgre/Connection.php:206
Stack trace:
#0 [internal function]: CodeIgniter\Debug\Exceptions->errorHandler()
#1 /var/www/vhosts/saicasl.eu/apirest.saicasl.eu/api1/api/system/Database/Postgre/Connection.php(206): pg_query()
#2 /var/www/vhosts/saicasl.eu/apirest.saicasl.eu/api1/api/system/Database/BaseConnection.php(738): CodeIgniter\Database\Postgre\Connection->execute()
#3 /var/www/vhosts/saicasl.eu/apirest.saicasl.eu/api1/api/system/Database/BaseConnection.php(652): CodeIgniter\Database\BaseConnection->simpleQuery()
#4 /var/www/vhosts/saicasl.eu/apirest.saicasl.eu/api1/api/system/Database/BaseBuilder.php(2345): CodeIgniter\Database\BaseConnection->query()
#5 /var/www/vhosts/saicasl.eu/apirest.saicasl.eu/api1/api/system/Model.php(394): CodeIgniter\Database\BaseBuilder->insert()
#6 /var/www/vhosts/saicasl.eu/apirest.saicasl.eu/api1/api/system/BaseModel.php(839): CodeIgniter\Model->doInsert()
#7 /var/www/vhosts/saicasl.eu/apirest.saicasl.eu/api1/api/system/Model.php(800): CodeIgniter\BaseModel->insert()
#8 /var/www/vhosts/saicasl.eu/apirest.saicasl.eu/api1/api/app/Controllers/ApiController.php(206): CodeIgniter\Model->insert()
#9 /var/www/vhosts/saicasl.eu/apirest.saicasl.eu/api1/api/app/Controllers/ApiController.php(31): App\Controllers\ApiController->rellenarBaseDatos()
#10 /var/www/vhosts/saicasl.eu/apirest.saicasl.eu/api1/api/system/CodeIgniter.php(933): App\Controllers\ApiController->recibirJuegos()
#11 /var/www/vhosts/saicasl.eu/apirest.saicasl.eu/api1/api/system/CodeIgniter.php(507): CodeIgniter\CodeIgniter->runController()
#12 /var/www/vhosts/saicasl.eu/apirest.saicasl.eu/api1/api/system/CodeIgniter.php(354): CodeIgniter\CodeIgniter->handleRequest()
#13 /var/www/vhosts/saicasl.eu/apirest.saicasl.eu/api1/api/system/Boot.php(334): CodeIgniter\CodeIgniter->run()
#14 /var/www/vhosts/saicasl.eu/apirest.saicasl.eu/api1/api/system/Boot.php(67): CodeIgniter\Boot::runCodeIgniter()
#15 /var/www/vhosts/saicasl.eu/apirest.saicasl.eu/api1/api/public/index.php(62): CodeIgniter\Boot::bootWeb()
#16 {main}
ERROR - 2025-03-20 11:14:49 --> ErrorException: pg_query(): Query failed: ERROR:  current transaction is aborted, commands ignored until end of transaction block in /var/www/vhosts/saicasl.eu/apirest.saicasl.eu/api1/api/system/Database/Postgre/Connection.php:206
Stack trace:
#0 [internal function]: CodeIgniter\Debug\Exceptions->errorHandler()
#1 /var/www/vhosts/saicasl.eu/apirest.saicasl.eu/api1/api/system/Database/Postgre/Connection.php(206): pg_query()
#2 /var/www/vhosts/saicasl.eu/apirest.saicasl.eu/api1/api/system/Database/BaseConnection.php(738): CodeIgniter\Database\Postgre\Connection->execute()
#3 /var/www/vhosts/saicasl.eu/apirest.saicasl.eu/api1/api/system/Database/BaseConnection.php(652): CodeIgniter\Database\BaseConnection->simpleQuery()
#4 /var/www/vhosts/saicasl.eu/apirest.saicasl.eu/api1/api/system/Database/BaseBuilder.php(2345): CodeIgniter\Database\BaseConnection->query()
#5 /var/www/vhosts/saicasl.eu/apirest.saicasl.eu/api1/api/system/Model.php(394): CodeIgniter\Database\BaseBuilder->insert()
#6 /var/www/vhosts/saicasl.eu/apirest.saicasl.eu/api1/api/system/BaseModel.php(839): CodeIgniter\Model->doInsert()
#7 /var/www/vhosts/saicasl.eu/apirest.saicasl.eu/api1/api/system/Model.php(800): CodeIgniter\BaseModel->insert()
#8 /var/www/vhosts/saicasl.eu/apirest.saicasl.eu/api1/api/app/Controllers/ApiController.php(206): CodeIgniter\Model->insert()
#9 /var/www/vhosts/saicasl.eu/apirest.saicasl.eu/api1/api/app/Controllers/ApiController.php(31): App\Controllers\ApiController->rellenarBaseDatos()
#10 /var/www/vhosts/saicasl.eu/apirest.saicasl.eu/api1/api/system/CodeIgniter.php(933): App\Controllers\ApiController->recibirJuegos()
#11 /var/www/vhosts/saicasl.eu/apirest.saicasl.eu/api1/api/system/CodeIgniter.php(507): CodeIgniter\CodeIgniter->runController()
#12 /var/www/vhosts/saicasl.eu/apirest.saicasl.eu/api1/api/system/CodeIgniter.php(354): CodeIgniter\CodeIgniter->handleRequest()
#13 /var/www/vhosts/saicasl.eu/apirest.saicasl.eu/api1/api/system/Boot.php(334): CodeIgniter\CodeIgniter->run()
#14 /var/www/vhosts/saicasl.eu/apirest.saicasl.eu/api1/api/system/Boot.php(67): CodeIgniter\Boot::runCodeIgniter()
#15 /var/www/vhosts/saicasl.eu/apirest.saicasl.eu/api1/api/public/index.php(62): CodeIgniter\Boot::bootWeb()
#16 {main}
ERROR - 2025-03-20 11:14:49 --> ErrorException: pg_query(): Query failed: ERROR:  current transaction is aborted, commands ignored until end of transaction block in /var/www/vhosts/saicasl.eu/apirest.saicasl.eu/api1/api/system/Database/Postgre/Connection.php:206
Stack trace:
#0 [internal function]: CodeIgniter\Debug\Exceptions->errorHandler()
#1 /var/www/vhosts/saicasl.eu/apirest.saicasl.eu/api1/api/system/Database/Postgre/Connection.php(206): pg_query()
#2 /var/www/vhosts/saicasl.eu/apirest.saicasl.eu/api1/api/system/Database/BaseConnection.php(738): CodeIgniter\Database\Postgre\Connection->execute()
#3 /var/www/vhosts/saicasl.eu/apirest.saicasl.eu/api1/api/system/Database/BaseConnection.php(652): CodeIgniter\Database\BaseConnection->simpleQuery()
#4 /var/www/vhosts/saicasl.eu/apirest.saicasl.eu/api1/api/system/Database/BaseBuilder.php(2345): CodeIgniter\Database\BaseConnection->query()
#5 /var/www/vhosts/saicasl.eu/apirest.saicasl.eu/api1/api/system/Model.php(394): CodeIgniter\Database\BaseBuilder->insert()
#6 /var/www/vhosts/saicasl.eu/apirest.saicasl.eu/api1/api/system/BaseModel.php(839): CodeIgniter\Model->doInsert()
#7 /var/www/vhosts/saicasl.eu/apirest.saicasl.eu/api1/api/system/Model.php(800): CodeIgniter\BaseModel->insert()
#8 /var/www/vhosts/saicasl.eu/apirest.saicasl.eu/api1/api/app/Controllers/ApiController.php(206): CodeIgniter\Model->insert()
#9 /var/www/vhosts/saicasl.eu/apirest.saicasl.eu/api1/api/app/Controllers/ApiController.php(31): App\Controllers\ApiController->rellenarBaseDatos()
#10 /var/www/vhosts/saicasl.eu/apirest.saicasl.eu/api1/api/system/CodeIgniter.php(933): App\Controllers\ApiController->recibirJuegos()
#11 /var/www/vhosts/saicasl.eu/apirest.saicasl.eu/api1/api/system/CodeIgniter.php(507): CodeIgniter\CodeIgniter->runController()
#12 /var/www/vhosts/saicasl.eu/apirest.saicasl.eu/api1/api/system/CodeIgniter.php(354): CodeIgniter\CodeIgniter->handleRequest()
#13 /var/www/vhosts/saicasl.eu/apirest.saicasl.eu/api1/api/system/Boot.php(334): CodeIgniter\CodeIgniter->run()
#14 /var/www/vhosts/saicasl.eu/apirest.saicasl.eu/api1/api/system/Boot.php(67): CodeIgniter\Boot::runCodeIgniter()
#15 /var/www/vhosts/saicasl.eu/apirest.saicasl.eu/api1/api/public/index.php(62): CodeIgniter\Boot::bootWeb()
#16 {main}
ERROR - 2025-03-20 11:14:49 --> ErrorException: pg_query(): Query failed: ERROR:  current transaction is aborted, commands ignored until end of transaction block in /var/www/vhosts/saicasl.eu/apirest.saicasl.eu/api1/api/system/Database/Postgre/Connection.php:206
Stack trace:
#0 [internal function]: CodeIgniter\Debug\Exceptions->errorHandler()
#1 /var/www/vhosts/saicasl.eu/apirest.saicasl.eu/api1/api/system/Database/Postgre/Connection.php(206): pg_query()
#2 /var/www/vhosts/saicasl.eu/apirest.saicasl.eu/api1/api/system/Database/BaseConnection.php(738): CodeIgniter\Database\Postgre\Connection->execute()
#3 /var/www/vhosts/saicasl.eu/apirest.saicasl.eu/api1/api/system/Database/BaseConnection.php(652): CodeIgniter\Database\BaseConnection->simpleQuery()
#4 /var/www/vhosts/saicasl.eu/apirest.saicasl.eu/api1/api/system/Database/BaseBuilder.php(2345): CodeIgniter\Database\BaseConnection->query()
#5 /var/www/vhosts/saicasl.eu/apirest.saicasl.eu/api1/api/system/Model.php(394): CodeIgniter\Database\BaseBuilder->insert()
#6 /var/www/vhosts/saicasl.eu/apirest.saicasl.eu/api1/api/system/BaseModel.php(839): CodeIgniter\Model->doInsert()
#7 /var/www/vhosts/saicasl.eu/apirest.saicasl.eu/api1/api/system/Model.php(800): CodeIgniter\BaseModel->insert()
#8 /var/www/vhosts/saicasl.eu/apirest.saicasl.eu/api1/api/app/Controllers/ApiController.php(206): CodeIgniter\Model->insert()
#9 /var/www/vhosts/saicasl.eu/apirest.saicasl.eu/api1/api/app/Controllers/ApiController.php(31): App\Controllers\ApiController->rellenarBaseDatos()
#10 /var/www/vhosts/saicasl.eu/apirest.saicasl.eu/api1/api/system/CodeIgniter.php(933): App\Controllers\ApiController->recibirJuegos()
#11 /var/www/vhosts/saicasl.eu/apirest.saicasl.eu/api1/api/system/CodeIgniter.php(507): CodeIgniter\CodeIgniter->runController()
#12 /var/www/vhosts/saicasl.eu/apirest.saicasl.eu/api1/api/system/CodeIgniter.php(354): CodeIgniter\CodeIgniter->handleRequest()
#13 /var/www/vhosts/saicasl.eu/apirest.saicasl.eu/api1/api/system/Boot.php(334): CodeIgniter\CodeIgniter->run()
#14 /var/www/vhosts/saicasl.eu/apirest.saicasl.eu/api1/api/system/Boot.php(67): CodeIgniter\Boot::runCodeIgniter()
#15 /var/www/vhosts/saicasl.eu/apirest.saicasl.eu/api1/api/public/index.php(62): CodeIgniter\Boot::bootWeb()
#16 {main}
ERROR - 2025-03-20 11:14:49 --> ErrorException: pg_query(): Query failed: ERROR:  current transaction is aborted, commands ignored until end of transaction block in /var/www/vhosts/saicasl.eu/apirest.saicasl.eu/api1/api/system/Database/Postgre/Connection.php:206
Stack trace:
#0 [internal function]: CodeIgniter\Debug\Exceptions->errorHandler()
#1 /var/www/vhosts/saicasl.eu/apirest.saicasl.eu/api1/api/system/Database/Postgre/Connection.php(206): pg_query()
#2 /var/www/vhosts/saicasl.eu/apirest.saicasl.eu/api1/api/system/Database/BaseConnection.php(738): CodeIgniter\Database\Postgre\Connection->execute()
#3 /var/www/vhosts/saicasl.eu/apirest.saicasl.eu/api1/api/system/Database/BaseConnection.php(652): CodeIgniter\Database\BaseConnection->simpleQuery()
#4 /var/www/vhosts/saicasl.eu/apirest.saicasl.eu/api1/api/system/Database/BaseBuilder.php(2345): CodeIgniter\Database\BaseConnection->query()
#5 /var/www/vhosts/saicasl.eu/apirest.saicasl.eu/api1/api/system/Model.php(394): CodeIgniter\Database\BaseBuilder->insert()
#6 /var/www/vhosts/saicasl.eu/apirest.saicasl.eu/api1/api/system/BaseModel.php(839): CodeIgniter\Model->doInsert()
#7 /var/www/vhosts/saicasl.eu/apirest.saicasl.eu/api1/api/system/Model.php(800): CodeIgniter\BaseModel->insert()
#8 /var/www/vhosts/saicasl.eu/apirest.saicasl.eu/api1/api/app/Controllers/ApiController.php(206): CodeIgniter\Model->insert()
#9 /var/www/vhosts/saicasl.eu/apirest.saicasl.eu/api1/api/app/Controllers/ApiController.php(31): App\Controllers\ApiController->rellenarBaseDatos()
#10 /var/www/vhosts/saicasl.eu/apirest.saicasl.eu/api1/api/system/CodeIgniter.php(933): App\Controllers\ApiController->recibirJuegos()
#11 /var/www/vhosts/saicasl.eu/apirest.saicasl.eu/api1/api/system/CodeIgniter.php(507): CodeIgniter\CodeIgniter->runController()
#12 /var/www/vhosts/saicasl.eu/apirest.saicasl.eu/api1/api/system/CodeIgniter.php(354): CodeIgniter\CodeIgniter->handleRequest()
#13 /var/www/vhosts/saicasl.eu/apirest.saicasl.eu/api1/api/system/Boot.php(334): CodeIgniter\CodeIgniter->run()
#14 /var/www/vhosts/saicasl.eu/apirest.saicasl.eu/api1/api/system/Boot.php(67): CodeIgniter\Boot::runCodeIgniter()
#15 /var/www/vhosts/saicasl.eu/apirest.saicasl.eu/api1/api/public/index.php(62): CodeIgniter\Boot::bootWeb()
#16 {main}
ERROR - 2025-03-20 11:14:50 --> ErrorException: pg_query(): Query failed: ERROR:  current transaction is aborted, commands ignored until end of transaction block in /var/www/vhosts/saicasl.eu/apirest.saicasl.eu/api1/api/system/Database/Postgre/Connection.php:206
Stack trace:
#0 [internal function]: CodeIgniter\Debug\Exceptions->errorHandler()
#1 /var/www/vhosts/saicasl.eu/apirest.saicasl.eu/api1/api/system/Database/Postgre/Connection.php(206): pg_query()
#2 /var/www/vhosts/saicasl.eu/apirest.saicasl.eu/api1/api/system/Database/BaseConnection.php(738): CodeIgniter\Database\Postgre\Connection->execute()
#3 /var/www/vhosts/saicasl.eu/apirest.saicasl.eu/api1/api/system/Database/BaseConnection.php(652): CodeIgniter\Database\BaseConnection->simpleQuery()
#4 /var/www/vhosts/saicasl.eu/apirest.saicasl.eu/api1/api/system/Database/BaseBuilder.php(2345): CodeIgniter\Database\BaseConnection->query()
#5 /var/www/vhosts/saicasl.eu/apirest.saicasl.eu/api1/api/system/Model.php(394): CodeIgniter\Database\BaseBuilder->insert()
#6 /var/www/vhosts/saicasl.eu/apirest.saicasl.eu/api1/api/system/BaseModel.php(839): CodeIgniter\Model->doInsert()
#7 /var/www/vhosts/saicasl.eu/apirest.saicasl.eu/api1/api/system/Model.php(800): CodeIgniter\BaseModel->insert()
#8 /var/www/vhosts/saicasl.eu/apirest.saicasl.eu/api1/api/app/Controllers/ApiController.php(206): CodeIgniter\Model->insert()
#9 /var/www/vhosts/saicasl.eu/apirest.saicasl.eu/api1/api/app/Controllers/ApiController.php(31): App\Controllers\ApiController->rellenarBaseDatos()
#10 /var/www/vhosts/saicasl.eu/apirest.saicasl.eu/api1/api/system/CodeIgniter.php(933): App\Controllers\ApiController->recibirJuegos()
#11 /var/www/vhosts/saicasl.eu/apirest.saicasl.eu/api1/api/system/CodeIgniter.php(507): CodeIgniter\CodeIgniter->runController()
#12 /var/www/vhosts/saicasl.eu/apirest.saicasl.eu/api1/api/system/CodeIgniter.php(354): CodeIgniter\CodeIgniter->handleRequest()
#13 /var/www/vhosts/saicasl.eu/apirest.saicasl.eu/api1/api/system/Boot.php(334): CodeIgniter\CodeIgniter->run()
#14 /var/www/vhosts/saicasl.eu/apirest.saicasl.eu/api1/api/system/Boot.php(67): CodeIgniter\Boot::runCodeIgniter()
#15 /var/www/vhosts/saicasl.eu/apirest.saicasl.eu/api1/api/public/index.php(62): CodeIgniter\Boot::bootWeb()
#16 {main}
ERROR - 2025-03-20 11:14:50 --> ErrorException: pg_query(): Query failed: ERROR:  current transaction is aborted, commands ignored until end of transaction block in /var/www/vhosts/saicasl.eu/apirest.saicasl.eu/api1/api/system/Database/Postgre/Connection.php:206
Stack trace:
#0 [internal function]: CodeIgniter\Debug\Exceptions->errorHandler()
#1 /var/www/vhosts/saicasl.eu/apirest.saicasl.eu/api1/api/system/Database/Postgre/Connection.php(206): pg_query()
#2 /var/www/vhosts/saicasl.eu/apirest.saicasl.eu/api1/api/system/Database/BaseConnection.php(738): CodeIgniter\Database\Postgre\Connection->execute()
#3 /var/www/vhosts/saicasl.eu/apirest.saicasl.eu/api1/api/system/Database/BaseConnection.php(652): CodeIgniter\Database\BaseConnection->simpleQuery()
#4 /var/www/vhosts/saicasl.eu/apirest.saicasl.eu/api1/api/system/Database/BaseBuilder.php(2345): CodeIgniter\Database\BaseConnection->query()
#5 /var/www/vhosts/saicasl.eu/apirest.saicasl.eu/api1/api/system/Model.php(394): CodeIgniter\Database\BaseBuilder->insert()
#6 /var/www/vhosts/saicasl.eu/apirest.saicasl.eu/api1/api/system/BaseModel.php(839): CodeIgniter\Model->doInsert()
#7 /var/www/vhosts/saicasl.eu/apirest.saicasl.eu/api1/api/system/Model.php(800): CodeIgniter\BaseModel->insert()
#8 /var/www/vhosts/saicasl.eu/apirest.saicasl.eu/api1/api/app/Controllers/ApiController.php(206): CodeIgniter\Model->insert()
#9 /var/www/vhosts/saicasl.eu/apirest.saicasl.eu/api1/api/app/Controllers/ApiController.php(31): App\Controllers\ApiController->rellenarBaseDatos()
#10 /var/www/vhosts/saicasl.eu/apirest.saicasl.eu/api1/api/system/CodeIgniter.php(933): App\Controllers\ApiController->recibirJuegos()
#11 /var/www/vhosts/saicasl.eu/apirest.saicasl.eu/api1/api/system/CodeIgniter.php(507): CodeIgniter\CodeIgniter->runController()
#12 /var/www/vhosts/saicasl.eu/apirest.saicasl.eu/api1/api/system/CodeIgniter.php(354): CodeIgniter\CodeIgniter->handleRequest()
#13 /var/www/vhosts/saicasl.eu/apirest.saicasl.eu/api1/api/system/Boot.php(334): CodeIgniter\CodeIgniter->run()
#14 /var/www/vhosts/saicasl.eu/apirest.saicasl.eu/api1/api/system/Boot.php(67): CodeIgniter\Boot::runCodeIgniter()
#15 /var/www/vhosts/saicasl.eu/apirest.saicasl.eu/api1/api/public/index.php(62): CodeIgniter\Boot::bootWeb()
#16 {main}
ERROR - 2025-03-20 11:14:50 --> ErrorException: pg_query(): Query failed: ERROR:  current transaction is aborted, commands ignored until end of transaction block in /var/www/vhosts/saicasl.eu/apirest.saicasl.eu/api1/api/system/Database/Postgre/Connection.php:206
Stack trace:
#0 [internal function]: CodeIgniter\Debug\Exceptions->errorHandler()
#1 /var/www/vhosts/saicasl.eu/apirest.saicasl.eu/api1/api/system/Database/Postgre/Connection.php(206): pg_query()
#2 /var/www/vhosts/saicasl.eu/apirest.saicasl.eu/api1/api/system/Database/BaseConnection.php(738): CodeIgniter\Database\Postgre\Connection->execute()
#3 /var/www/vhosts/saicasl.eu/apirest.saicasl.eu/api1/api/system/Database/BaseConnection.php(652): CodeIgniter\Database\BaseConnection->simpleQuery()
#4 /var/www/vhosts/saicasl.eu/apirest.saicasl.eu/api1/api/system/Database/BaseBuilder.php(2345): CodeIgniter\Database\BaseConnection->query()
#5 /var/www/vhosts/saicasl.eu/apirest.saicasl.eu/api1/api/system/Model.php(394): CodeIgniter\Database\BaseBuilder->insert()
#6 /var/www/vhosts/saicasl.eu/apirest.saicasl.eu/api1/api/system/BaseModel.php(839): CodeIgniter\Model->doInsert()
#7 /var/www/vhosts/saicasl.eu/apirest.saicasl.eu/api1/api/system/Model.php(800): CodeIgniter\BaseModel->insert()
#8 /var/www/vhosts/saicasl.eu/apirest.saicasl.eu/api1/api/app/Controllers/ApiController.php(206): CodeIgniter\Model->insert()
#9 /var/www/vhosts/saicasl.eu/apirest.saicasl.eu/api1/api/app/Controllers/ApiController.php(31): App\Controllers\ApiController->rellenarBaseDatos()
#10 /var/www/vhosts/saicasl.eu/apirest.saicasl.eu/api1/api/system/CodeIgniter.php(933): App\Controllers\ApiController->recibirJuegos()
#11 /var/www/vhosts/saicasl.eu/apirest.saicasl.eu/api1/api/system/CodeIgniter.php(507): CodeIgniter\CodeIgniter->runController()
#12 /var/www/vhosts/saicasl.eu/apirest.saicasl.eu/api1/api/system/CodeIgniter.php(354): CodeIgniter\CodeIgniter->handleRequest()
#13 /var/www/vhosts/saicasl.eu/apirest.saicasl.eu/api1/api/system/Boot.php(334): CodeIgniter\CodeIgniter->run()
#14 /var/www/vhosts/saicasl.eu/apirest.saicasl.eu/api1/api/system/Boot.php(67): CodeIgniter\Boot::runCodeIgniter()
#15 /var/www/vhosts/saicasl.eu/apirest.saicasl.eu/api1/api/public/index.php(62): CodeIgniter\Boot::bootWeb()
#16 {main}
ERROR - 2025-03-20 11:14:50 --> ErrorException: pg_query(): Query failed: ERROR:  current transaction is aborted, commands ignored until end of transaction block in /var/www/vhosts/saicasl.eu/apirest.saicasl.eu/api1/api/system/Database/Postgre/Connection.php:206
Stack trace:
#0 [internal function]: CodeIgniter\Debug\Exceptions->errorHandler()
#1 /var/www/vhosts/saicasl.eu/apirest.saicasl.eu/api1/api/system/Database/Postgre/Connection.php(206): pg_query()
#2 /var/www/vhosts/saicasl.eu/apirest.saicasl.eu/api1/api/system/Database/BaseConnection.php(738): CodeIgniter\Database\Postgre\Connection->execute()
#3 /var/www/vhosts/saicasl.eu/apirest.saicasl.eu/api1/api/system/Database/BaseConnection.php(652): CodeIgniter\Database\BaseConnection->simpleQuery()
#4 /var/www/vhosts/saicasl.eu/apirest.saicasl.eu/api1/api/system/Database/BaseBuilder.php(2345): CodeIgniter\Database\BaseConnection->query()
#5 /var/www/vhosts/saicasl.eu/apirest.saicasl.eu/api1/api/system/Model.php(394): CodeIgniter\Database\BaseBuilder->insert()
#6 /var/www/vhosts/saicasl.eu/apirest.saicasl.eu/api1/api/system/BaseModel.php(839): CodeIgniter\Model->doInsert()
#7 /var/www/vhosts/saicasl.eu/apirest.saicasl.eu/api1/api/system/Model.php(800): CodeIgniter\BaseModel->insert()
#8 /var/www/vhosts/saicasl.eu/apirest.saicasl.eu/api1/api/app/Controllers/ApiController.php(206): CodeIgniter\Model->insert()
#9 /var/www/vhosts/saicasl.eu/apirest.saicasl.eu/api1/api/app/Controllers/ApiController.php(31): App\Controllers\ApiController->rellenarBaseDatos()
#10 /var/www/vhosts/saicasl.eu/apirest.saicasl.eu/api1/api/system/CodeIgniter.php(933): App\Controllers\ApiController->recibirJuegos()
#11 /var/www/vhosts/saicasl.eu/apirest.saicasl.eu/api1/api/system/CodeIgniter.php(507): CodeIgniter\CodeIgniter->runController()
#12 /var/www/vhosts/saicasl.eu/apirest.saicasl.eu/api1/api/system/CodeIgniter.php(354): CodeIgniter\CodeIgniter->handleRequest()
#13 /var/www/vhosts/saicasl.eu/apirest.saicasl.eu/api1/api/system/Boot.php(334): CodeIgniter\CodeIgniter->run()
#14 /var/www/vhosts/saicasl.eu/apirest.saicasl.eu/api1/api/system/Boot.php(67): CodeIgniter\Boot::runCodeIgniter()
#15 /var/www/vhosts/saicasl.eu/apirest.saicasl.eu/api1/api/public/index.php(62): CodeIgniter\Boot::bootWeb()
#16 {main}
ERROR - 2025-03-20 11:14:50 --> ErrorException: pg_query(): Query failed: ERROR:  current transaction is aborted, commands ignored until end of transaction block in /var/www/vhosts/saicasl.eu/apirest.saicasl.eu/api1/api/system/Database/Postgre/Connection.php:206
Stack trace:
#0 [internal function]: CodeIgniter\Debug\Exceptions->errorHandler()
#1 /var/www/vhosts/saicasl.eu/apirest.saicasl.eu/api1/api/system/Database/Postgre/Connection.php(206): pg_query()
#2 /var/www/vhosts/saicasl.eu/apirest.saicasl.eu/api1/api/system/Database/BaseConnection.php(738): CodeIgniter\Database\Postgre\Connection->execute()
#3 /var/www/vhosts/saicasl.eu/apirest.saicasl.eu/api1/api/system/Database/BaseConnection.php(652): CodeIgniter\Database\BaseConnection->simpleQuery()
#4 /var/www/vhosts/saicasl.eu/apirest.saicasl.eu/api1/api/system/Database/BaseBuilder.php(2345): CodeIgniter\Database\BaseConnection->query()
#5 /var/www/vhosts/saicasl.eu/apirest.saicasl.eu/api1/api/system/Model.php(394): CodeIgniter\Database\BaseBuilder->insert()
#6 /var/www/vhosts/saicasl.eu/apirest.saicasl.eu/api1/api/system/BaseModel.php(839): CodeIgniter\Model->doInsert()
#7 /var/www/vhosts/saicasl.eu/apirest.saicasl.eu/api1/api/system/Model.php(800): CodeIgniter\BaseModel->insert()
#8 /var/www/vhosts/saicasl.eu/apirest.saicasl.eu/api1/api/app/Controllers/ApiController.php(206): CodeIgniter\Model->insert()
#9 /var/www/vhosts/saicasl.eu/apirest.saicasl.eu/api1/api/app/Controllers/ApiController.php(31): App\Controllers\ApiController->rellenarBaseDatos()
#10 /var/www/vhosts/saicasl.eu/apirest.saicasl.eu/api1/api/system/CodeIgniter.php(933): App\Controllers\ApiController->recibirJuegos()
#11 /var/www/vhosts/saicasl.eu/apirest.saicasl.eu/api1/api/system/CodeIgniter.php(507): CodeIgniter\CodeIgniter->runController()
#12 /var/www/vhosts/saicasl.eu/apirest.saicasl.eu/api1/api/system/CodeIgniter.php(354): CodeIgniter\CodeIgniter->handleRequest()
#13 /var/www/vhosts/saicasl.eu/apirest.saicasl.eu/api1/api/system/Boot.php(334): CodeIgniter\CodeIgniter->run()
#14 /var/www/vhosts/saicasl.eu/apirest.saicasl.eu/api1/api/system/Boot.php(67): CodeIgniter\Boot::runCodeIgniter()
#15 /var/www/vhosts/saicasl.eu/apirest.saicasl.eu/api1/api/public/index.php(62): CodeIgniter\Boot::bootWeb()
#16 {main}
ERROR - 2025-03-20 11:14:50 --> ErrorException: pg_query(): Query failed: ERROR:  current transaction is aborted, commands ignored until end of transaction block in /var/www/vhosts/saicasl.eu/apirest.saicasl.eu/api1/api/system/Database/Postgre/Connection.php:206
Stack trace:
#0 [internal function]: CodeIgniter\Debug\Exceptions->errorHandler()
#1 /var/www/vhosts/saicasl.eu/apirest.saicasl.eu/api1/api/system/Database/Postgre/Connection.php(206): pg_query()
#2 /var/www/vhosts/saicasl.eu/apirest.saicasl.eu/api1/api/system/Database/BaseConnection.php(738): CodeIgniter\Database\Postgre\Connection->execute()
#3 /var/www/vhosts/saicasl.eu/apirest.saicasl.eu/api1/api/system/Database/BaseConnection.php(652): CodeIgniter\Database\BaseConnection->simpleQuery()
#4 /var/www/vhosts/saicasl.eu/apirest.saicasl.eu/api1/api/system/Database/BaseBuilder.php(2345): CodeIgniter\Database\BaseConnection->query()
#5 /var/www/vhosts/saicasl.eu/apirest.saicasl.eu/api1/api/system/Model.php(394): CodeIgniter\Database\BaseBuilder->insert()
#6 /var/www/vhosts/saicasl.eu/apirest.saicasl.eu/api1/api/system/BaseModel.php(839): CodeIgniter\Model->doInsert()
#7 /var/www/vhosts/saicasl.eu/apirest.saicasl.eu/api1/api/system/Model.php(800): CodeIgniter\BaseModel->insert()
#8 /var/www/vhosts/saicasl.eu/apirest.saicasl.eu/api1/api/app/Controllers/ApiController.php(206): CodeIgniter\Model->insert()
#9 /var/www/vhosts/saicasl.eu/apirest.saicasl.eu/api1/api/app/Controllers/ApiController.php(31): App\Controllers\ApiController->rellenarBaseDatos()
#10 /var/www/vhosts/saicasl.eu/apirest.saicasl.eu/api1/api/system/CodeIgniter.php(933): App\Controllers\ApiController->recibirJuegos()
#11 /var/www/vhosts/saicasl.eu/apirest.saicasl.eu/api1/api/system/CodeIgniter.php(507): CodeIgniter\CodeIgniter->runController()
#12 /var/www/vhosts/saicasl.eu/apirest.saicasl.eu/api1/api/system/CodeIgniter.php(354): CodeIgniter\CodeIgniter->handleRequest()
#13 /var/www/vhosts/saicasl.eu/apirest.saicasl.eu/api1/api/system/Boot.php(334): CodeIgniter\CodeIgniter->run()
#14 /var/www/vhosts/saicasl.eu/apirest.saicasl.eu/api1/api/system/Boot.php(67): CodeIgniter\Boot::runCodeIgniter()
#15 /var/www/vhosts/saicasl.eu/apirest.saicasl.eu/api1/api/public/index.php(62): CodeIgniter\Boot::bootWeb()
#16 {main}
ERROR - 2025-03-20 11:20:55 --> ErrorException: pg_query(): Query failed: ERROR:  column &quot;creado_por_admin&quot; is of type boolean but expression is of type integer
LINE 9: ...tiende a mantener a todos ocupados y comprometidos.&lt;/p&gt;', 0)
                                                                     ^
HINT:  You will need to rewrite or cast the expression. in /var/www/vhosts/saicasl.eu/apirest.saicasl.eu/api1/api/system/Database/Postgre/Connection.php:206
Stack trace:
#0 [internal function]: CodeIgniter\Debug\Exceptions->errorHandler()
#1 /var/www/vhosts/saicasl.eu/apirest.saicasl.eu/api1/api/system/Database/Postgre/Connection.php(206): pg_query()
#2 /var/www/vhosts/saicasl.eu/apirest.saicasl.eu/api1/api/system/Database/BaseConnection.php(738): CodeIgniter\Database\Postgre\Connection->execute()
#3 /var/www/vhosts/saicasl.eu/apirest.saicasl.eu/api1/api/system/Database/BaseConnection.php(652): CodeIgniter\Database\BaseConnection->simpleQuery()
#4 /var/www/vhosts/saicasl.eu/apirest.saicasl.eu/api1/api/system/Database/BaseBuilder.php(2345): CodeIgniter\Database\BaseConnection->query()
#5 /var/www/vhosts/saicasl.eu/apirest.saicasl.eu/api1/api/system/Model.php(394): CodeIgniter\Database\BaseBuilder->insert()
#6 /var/www/vhosts/saicasl.eu/apirest.saicasl.eu/api1/api/system/BaseModel.php(839): CodeIgniter\Model->doInsert()
#7 /var/www/vhosts/saicasl.eu/apirest.saicasl.eu/api1/api/system/Model.php(800): CodeIgniter\BaseModel->insert()
#8 /var/www/vhosts/saicasl.eu/apirest.saicasl.eu/api1/api/app/Controllers/ApiController.php(127): CodeIgniter\Model->insert()
#9 /var/www/vhosts/saicasl.eu/apirest.saicasl.eu/api1/api/app/Controllers/ApiController.php(31): App\Controllers\ApiController->rellenarBaseDatos()
#10 /var/www/vhosts/saicasl.eu/apirest.saicasl.eu/api1/api/system/CodeIgniter.php(933): App\Controllers\ApiController->recibirJuegos()
#11 /var/www/vhosts/saicasl.eu/apirest.saicasl.eu/api1/api/system/CodeIgniter.php(507): CodeIgniter\CodeIgniter->runController()
#12 /var/www/vhosts/saicasl.eu/apirest.saicasl.eu/api1/api/system/CodeIgniter.php(354): CodeIgniter\CodeIgniter->handleRequest()
#13 /var/www/vhosts/saicasl.eu/apirest.saicasl.eu/api1/api/system/Boot.php(334): CodeIgniter\CodeIgniter->run()
#14 /var/www/vhosts/saicasl.eu/apirest.saicasl.eu/api1/api/system/Boot.php(67): CodeIgniter\Boot::runCodeIgniter()
#15 /var/www/vhosts/saicasl.eu/apirest.saicasl.eu/api1/api/public/index.php(62): CodeIgniter\Boot::bootWeb()
#16 {main}
