CRITICAL - 2025-03-06 07:46:52 --> Error: Call to a member function getName() on null
[Method: PUT, Route: agregar]
in APPPATH/Controllers/ApiController.php on line 75.
 1 SYSTEMPATH/CodeIgniter.php(933): APP\Controllers\ApiController->agregarArticulo()
 2 SYSTEMPATH/CodeIgniter.php(507): CodeIgniter\CodeIgniter->runController()
 3 SYSTEMPATH/CodeIgniter.php(354): CodeIgniter\CodeIgniter->handleRequest()
 4 SYSTEMPATH/Boot.php(334): CodeIgniter\CodeIgniter->run()
 5 SYSTEMPATH/Boot.php(67): CodeIgniter\Boot::runCodeIgniter()
 6 FCPATH/index.php(62): CodeIgniter\Boot::bootWeb()
CRITICAL - 2025-03-06 07:46:55 --> Error: Call to a member function getName() on null
[Method: PUT, Route: agregar]
in APPPATH/Controllers/ApiController.php on line 75.
 1 SYSTEMPATH/CodeIgniter.php(933): APP\Controllers\ApiController->agregarArticulo()
 2 SYSTEMPATH/CodeIgniter.php(507): CodeIgniter\CodeIgniter->runController()
 3 SYSTEMPATH/CodeIgniter.php(354): CodeIgniter\CodeIgniter->handleRequest()
 4 SYSTEMPATH/Boot.php(334): CodeIgniter\CodeIgniter->run()
 5 SYSTEMPATH/Boot.php(67): CodeIgniter\Boot::runCodeIgniter()
 6 FCPATH/index.php(62): CodeIgniter\Boot::bootWeb()
CRITICAL - 2025-03-06 07:46:56 --> Error: Call to a member function getName() on null
[Method: PUT, Route: agregar]
in APPPATH/Controllers/ApiController.php on line 75.
 1 SYSTEMPATH/CodeIgniter.php(933): APP\Controllers\ApiController->agregarArticulo()
 2 SYSTEMPATH/CodeIgniter.php(507): CodeIgniter\CodeIgniter->runController()
 3 SYSTEMPATH/CodeIgniter.php(354): CodeIgniter\CodeIgniter->handleRequest()
 4 SYSTEMPATH/Boot.php(334): CodeIgniter\CodeIgniter->run()
 5 SYSTEMPATH/Boot.php(67): CodeIgniter\Boot::runCodeIgniter()
 6 FCPATH/index.php(62): CodeIgniter\Boot::bootWeb()
CRITICAL - 2025-03-06 07:47:36 --> Error: Call to a member function getName() on null
[Method: PUT, Route: agregar]
in APPPATH/Controllers/ApiController.php on line 75.
 1 SYSTEMPATH/CodeIgniter.php(933): APP\Controllers\ApiController->agregarArticulo()
 2 SYSTEMPATH/CodeIgniter.php(507): CodeIgniter\CodeIgniter->runController()
 3 SYSTEMPATH/CodeIgniter.php(354): CodeIgniter\CodeIgniter->handleRequest()
 4 SYSTEMPATH/Boot.php(334): CodeIgniter\CodeIgniter->run()
 5 SYSTEMPATH/Boot.php(67): CodeIgniter\Boot::runCodeIgniter()
 6 FCPATH/index.php(62): CodeIgniter\Boot::bootWeb()
CRITICAL - 2025-03-06 07:56:11 --> Error: Call to a member function getName() on null
[Method: PUT, Route: agregar]
in APPPATH/Controllers/ApiController.php on line 75.
 1 SYSTEMPATH/CodeIgniter.php(933): APP\Controllers\ApiController->agregarArticulo()
 2 SYSTEMPATH/CodeIgniter.php(507): CodeIgniter\CodeIgniter->runController()
 3 SYSTEMPATH/CodeIgniter.php(354): CodeIgniter\CodeIgniter->handleRequest()
 4 SYSTEMPATH/Boot.php(334): CodeIgniter\CodeIgniter->run()
 5 SYSTEMPATH/Boot.php(67): CodeIgniter\Boot::runCodeIgniter()
 6 FCPATH/index.php(62): CodeIgniter\Boot::bootWeb()
CRITICAL - 2025-03-06 08:11:27 --> Error: Call to a member function isValid() on null
[Method: PUT, Route: agregar]
in APPPATH/Controllers/ApiController.php on line 76.
 1 SYSTEMPATH/CodeIgniter.php(933): APP\Controllers\ApiController->agregarArticulo()
 2 SYSTEMPATH/CodeIgniter.php(507): CodeIgniter\CodeIgniter->runController()
 3 SYSTEMPATH/CodeIgniter.php(354): CodeIgniter\CodeIgniter->handleRequest()
 4 SYSTEMPATH/Boot.php(334): CodeIgniter\CodeIgniter->run()
 5 SYSTEMPATH/Boot.php(67): CodeIgniter\Boot::runCodeIgniter()
 6 FCPATH/index.php(62): CodeIgniter\Boot::bootWeb()
CRITICAL - 2025-03-06 08:11:30 --> Error: Call to a member function isValid() on null
[Method: PUT, Route: agregar]
in APPPATH/Controllers/ApiController.php on line 76.
 1 SYSTEMPATH/CodeIgniter.php(933): APP\Controllers\ApiController->agregarArticulo()
 2 SYSTEMPATH/CodeIgniter.php(507): CodeIgniter\CodeIgniter->runController()
 3 SYSTEMPATH/CodeIgniter.php(354): CodeIgniter\CodeIgniter->handleRequest()
 4 SYSTEMPATH/Boot.php(334): CodeIgniter\CodeIgniter->run()
 5 SYSTEMPATH/Boot.php(67): CodeIgniter\Boot::runCodeIgniter()
 6 FCPATH/index.php(62): CodeIgniter\Boot::bootWeb()
CRITICAL - 2025-03-06 08:11:41 --> Error: Call to a member function isValid() on null
[Method: PUT, Route: agregar]
in APPPATH/Controllers/ApiController.php on line 76.
 1 SYSTEMPATH/CodeIgniter.php(933): APP\Controllers\ApiController->agregarArticulo()
 2 SYSTEMPATH/CodeIgniter.php(507): CodeIgniter\CodeIgniter->runController()
 3 SYSTEMPATH/CodeIgniter.php(354): CodeIgniter\CodeIgniter->handleRequest()
 4 SYSTEMPATH/Boot.php(334): CodeIgniter\CodeIgniter->run()
 5 SYSTEMPATH/Boot.php(67): CodeIgniter\Boot::runCodeIgniter()
 6 FCPATH/index.php(62): CodeIgniter\Boot::bootWeb()
CRITICAL - 2025-03-06 08:12:16 --> Error: Call to a member function isValid() on null
[Method: PUT, Route: agregar]
in APPPATH/Controllers/ApiController.php on line 76.
 1 SYSTEMPATH/CodeIgniter.php(933): APP\Controllers\ApiController->agregarArticulo()
 2 SYSTEMPATH/CodeIgniter.php(507): CodeIgniter\CodeIgniter->runController()
 3 SYSTEMPATH/CodeIgniter.php(354): CodeIgniter\CodeIgniter->handleRequest()
 4 SYSTEMPATH/Boot.php(334): CodeIgniter\CodeIgniter->run()
 5 SYSTEMPATH/Boot.php(67): CodeIgniter\Boot::runCodeIgniter()
 6 FCPATH/index.php(62): CodeIgniter\Boot::bootWeb()
CRITICAL - 2025-03-06 08:12:17 --> Error: Call to a member function isValid() on null
[Method: PUT, Route: agregar]
in APPPATH/Controllers/ApiController.php on line 76.
 1 SYSTEMPATH/CodeIgniter.php(933): APP\Controllers\ApiController->agregarArticulo()
 2 SYSTEMPATH/CodeIgniter.php(507): CodeIgniter\CodeIgniter->runController()
 3 SYSTEMPATH/CodeIgniter.php(354): CodeIgniter\CodeIgniter->handleRequest()
 4 SYSTEMPATH/Boot.php(334): CodeIgniter\CodeIgniter->run()
 5 SYSTEMPATH/Boot.php(67): CodeIgniter\Boot::runCodeIgniter()
 6 FCPATH/index.php(62): CodeIgniter\Boot::bootWeb()
CRITICAL - 2025-03-06 08:12:57 --> Error: Call to a member function isValid() on null
[Method: PUT, Route: agregar]
in APPPATH/Controllers/ApiController.php on line 76.
 1 SYSTEMPATH/CodeIgniter.php(933): APP\Controllers\ApiController->agregarArticulo()
 2 SYSTEMPATH/CodeIgniter.php(507): CodeIgniter\CodeIgniter->runController()
 3 SYSTEMPATH/CodeIgniter.php(354): CodeIgniter\CodeIgniter->handleRequest()
 4 SYSTEMPATH/Boot.php(334): CodeIgniter\CodeIgniter->run()
 5 SYSTEMPATH/Boot.php(67): CodeIgniter\Boot::runCodeIgniter()
 6 FCPATH/index.php(62): CodeIgniter\Boot::bootWeb()
CRITICAL - 2025-03-06 08:13:21 --> Error: Call to a member function isValid() on null
[Method: PUT, Route: agregar]
in APPPATH/Controllers/ApiController.php on line 76.
 1 SYSTEMPATH/CodeIgniter.php(933): APP\Controllers\ApiController->agregarArticulo()
 2 SYSTEMPATH/CodeIgniter.php(507): CodeIgniter\CodeIgniter->runController()
 3 SYSTEMPATH/CodeIgniter.php(354): CodeIgniter\CodeIgniter->handleRequest()
 4 SYSTEMPATH/Boot.php(334): CodeIgniter\CodeIgniter->run()
 5 SYSTEMPATH/Boot.php(67): CodeIgniter\Boot::runCodeIgniter()
 6 FCPATH/index.php(62): CodeIgniter\Boot::bootWeb()
CRITICAL - 2025-03-06 08:14:44 --> Error: Call to a member function isValid() on null
[Method: PUT, Route: agregar]
in APPPATH/Controllers/ApiController.php on line 76.
 1 SYSTEMPATH/CodeIgniter.php(933): APP\Controllers\ApiController->agregarArticulo()
 2 SYSTEMPATH/CodeIgniter.php(507): CodeIgniter\CodeIgniter->runController()
 3 SYSTEMPATH/CodeIgniter.php(354): CodeIgniter\CodeIgniter->handleRequest()
 4 SYSTEMPATH/Boot.php(334): CodeIgniter\CodeIgniter->run()
 5 SYSTEMPATH/Boot.php(67): CodeIgniter\Boot::runCodeIgniter()
 6 FCPATH/index.php(62): CodeIgniter\Boot::bootWeb()
CRITICAL - 2025-03-06 08:15:39 --> Error: Call to a member function isValid() on null
[Method: PUT, Route: agregar]
in APPPATH/Controllers/ApiController.php on line 76.
 1 SYSTEMPATH/CodeIgniter.php(933): APP\Controllers\ApiController->agregarArticulo()
 2 SYSTEMPATH/CodeIgniter.php(507): CodeIgniter\CodeIgniter->runController()
 3 SYSTEMPATH/CodeIgniter.php(354): CodeIgniter\CodeIgniter->handleRequest()
 4 SYSTEMPATH/Boot.php(334): CodeIgniter\CodeIgniter->run()
 5 SYSTEMPATH/Boot.php(67): CodeIgniter\Boot::runCodeIgniter()
 6 FCPATH/index.php(62): CodeIgniter\Boot::bootWeb()
CRITICAL - 2025-03-06 08:21:15 --> Error: Call to a member function isValid() on null
[Method: PUT, Route: agregar]
in APPPATH/Controllers/ApiController.php on line 76.
 1 SYSTEMPATH/CodeIgniter.php(933): APP\Controllers\ApiController->agregarArticulo()
 2 SYSTEMPATH/CodeIgniter.php(507): CodeIgniter\CodeIgniter->runController()
 3 SYSTEMPATH/CodeIgniter.php(354): CodeIgniter\CodeIgniter->handleRequest()
 4 SYSTEMPATH/Boot.php(334): CodeIgniter\CodeIgniter->run()
 5 SYSTEMPATH/Boot.php(67): CodeIgniter\Boot::runCodeIgniter()
 6 FCPATH/index.php(62): CodeIgniter\Boot::bootWeb()
CRITICAL - 2025-03-06 08:22:56 --> Error: Call to a member function isValid() on null
[Method: PUT, Route: agregar]
in APPPATH/Controllers/ApiController.php on line 76.
 1 SYSTEMPATH/CodeIgniter.php(933): APP\Controllers\ApiController->agregarArticulo()
 2 SYSTEMPATH/CodeIgniter.php(507): CodeIgniter\CodeIgniter->runController()
 3 SYSTEMPATH/CodeIgniter.php(354): CodeIgniter\CodeIgniter->handleRequest()
 4 SYSTEMPATH/Boot.php(334): CodeIgniter\CodeIgniter->run()
 5 SYSTEMPATH/Boot.php(67): CodeIgniter\Boot::runCodeIgniter()
 6 FCPATH/index.php(62): CodeIgniter\Boot::bootWeb()
CRITICAL - 2025-03-06 08:23:22 --> Error: Call to a member function isValid() on null
[Method: PUT, Route: agregar]
in APPPATH/Controllers/ApiController.php on line 76.
 1 SYSTEMPATH/CodeIgniter.php(933): APP\Controllers\ApiController->agregarArticulo()
 2 SYSTEMPATH/CodeIgniter.php(507): CodeIgniter\CodeIgniter->runController()
 3 SYSTEMPATH/CodeIgniter.php(354): CodeIgniter\CodeIgniter->handleRequest()
 4 SYSTEMPATH/Boot.php(334): CodeIgniter\CodeIgniter->run()
 5 SYSTEMPATH/Boot.php(67): CodeIgniter\Boot::runCodeIgniter()
 6 FCPATH/index.php(62): CodeIgniter\Boot::bootWeb()
CRITICAL - 2025-03-06 08:34:26 --> Error: Call to a member function isValid() on null
[Method: PUT, Route: agregar]
in APPPATH/Controllers/ApiController.php on line 72.
 1 SYSTEMPATH/CodeIgniter.php(933): APP\Controllers\ApiController->agregarArticulo()
 2 SYSTEMPATH/CodeIgniter.php(507): CodeIgniter\CodeIgniter->runController()
 3 SYSTEMPATH/CodeIgniter.php(354): CodeIgniter\CodeIgniter->handleRequest()
 4 SYSTEMPATH/Boot.php(334): CodeIgniter\CodeIgniter->run()
 5 SYSTEMPATH/Boot.php(67): CodeIgniter\Boot::runCodeIgniter()
 6 FCPATH/index.php(62): CodeIgniter\Boot::bootWeb()
CRITICAL - 2025-03-06 08:34:33 --> Error: Call to a member function isValid() on null
[Method: PUT, Route: agregar]
in APPPATH/Controllers/ApiController.php on line 72.
 1 SYSTEMPATH/CodeIgniter.php(933): APP\Controllers\ApiController->agregarArticulo()
 2 SYSTEMPATH/CodeIgniter.php(507): CodeIgniter\CodeIgniter->runController()
 3 SYSTEMPATH/CodeIgniter.php(354): CodeIgniter\CodeIgniter->handleRequest()
 4 SYSTEMPATH/Boot.php(334): CodeIgniter\CodeIgniter->run()
 5 SYSTEMPATH/Boot.php(67): CodeIgniter\Boot::runCodeIgniter()
 6 FCPATH/index.php(62): CodeIgniter\Boot::bootWeb()
