DEBUG - 2025-02-20 12:05:15 --> Authorization Header: 
DEBUG - 2025-02-20 12:05:15 --> Token Header: 
DEBUG - 2025-02-20 12:05:20 --> Authorization Header: 
DEBUG - 2025-02-20 12:05:20 --> Token Header: 
DEBUG - 2025-02-20 12:05:21 --> Authorization Header: 
DEBUG - 2025-02-20 12:05:21 --> Token Header: 
DEBUG - 2025-02-20 12:05:36 --> Authorization Header: 
DEBUG - 2025-02-20 12:05:36 --> Token Header: 
DEBUG - 2025-02-20 12:05:48 --> Authorization Header: Bearer eyJ0eXAiOiJKV1QiLCJhbGciOiJIUzUxMiJ9.eyJsb2dpbiI6ImEtNzU3NjU2NzMiLCJpYXQiOjE3MDk4OTgzMjR9.XRYRGGPyDqK773ceaRHD5HX0bw0XqVXSGM5JUP9jfWYxK3zjc3u6lB0aaX2Cu4al3ISJFcS8Q43OHYo4K4XDJQ
DEBUG - 2025-02-20 12:05:48 --> Token Header: 
DEBUG - 2025-02-20 12:05:49 --> Authorization Header: Bearer eyJ0eXAiOiJKV1QiLCJhbGciOiJIUzUxMiJ9.eyJsb2dpbiI6ImEtNzU3NjU2NzMiLCJpYXQiOjE3MDk4OTgzMjR9.XRYRGGPyDqK773ceaRHD5HX0bw0XqVXSGM5JUP9jfWYxK3zjc3u6lB0aaX2Cu4al3ISJFcS8Q43OHYo4K4XDJQ
DEBUG - 2025-02-20 12:05:49 --> Token Header: 
DEBUG - 2025-02-20 12:05:50 --> Authorization Header: Bearer eyJ0eXAiOiJKV1QiLCJhbGciOiJIUzUxMiJ9.eyJsb2dpbiI6ImEtNzU3NjU2NzMiLCJpYXQiOjE3MDk4OTgzMjR9.XRYRGGPyDqK773ceaRHD5HX0bw0XqVXSGM5JUP9jfWYxK3zjc3u6lB0aaX2Cu4al3ISJFcS8Q43OHYo4K4XDJQ
DEBUG - 2025-02-20 12:05:50 --> Token Header: 
DEBUG - 2025-02-20 12:05:51 --> Authorization Header: Bearer eyJ0eXAiOiJKV1QiLCJhbGciOiJIUzUxMiJ9.eyJsb2dpbiI6ImEtNzU3NjU2NzMiLCJpYXQiOjE3MDk4OTgzMjR9.XRYRGGPyDqK773ceaRHD5HX0bw0XqVXSGM5JUP9jfWYxK3zjc3u6lB0aaX2Cu4al3ISJFcS8Q43OHYo4K4XDJQ
DEBUG - 2025-02-20 12:05:51 --> Token Header: 
DEBUG - 2025-02-20 12:05:51 --> Authorization Header: Bearer eyJ0eXAiOiJKV1QiLCJhbGciOiJIUzUxMiJ9.eyJsb2dpbiI6ImEtNzU3NjU2NzMiLCJpYXQiOjE3MDk4OTgzMjR9.XRYRGGPyDqK773ceaRHD5HX0bw0XqVXSGM5JUP9jfWYxK3zjc3u6lB0aaX2Cu4al3ISJFcS8Q43OHYo4K4XDJQ
DEBUG - 2025-02-20 12:05:51 --> Token Header: 
DEBUG - 2025-02-20 12:05:51 --> Authorization Header: Bearer eyJ0eXAiOiJKV1QiLCJhbGciOiJIUzUxMiJ9.eyJsb2dpbiI6ImEtNzU3NjU2NzMiLCJpYXQiOjE3MDk4OTgzMjR9.XRYRGGPyDqK773ceaRHD5HX0bw0XqVXSGM5JUP9jfWYxK3zjc3u6lB0aaX2Cu4al3ISJFcS8Q43OHYo4K4XDJQ
DEBUG - 2025-02-20 12:05:51 --> Token Header: 
DEBUG - 2025-02-20 12:05:58 --> Authorization Header: Bearer eyJ0eXAiOiJKV1QiLCJhbGciOiJIUzUxMiJ9.eyJsb2dpbiI6ImEtNzU3NjU2NzMiLCJpYXQiOjE3MDk4OTgzMjR9.XRYRGGPyDqK773ceaRHD5HX0bw0XqVXSGM5JUP9jfWYxK3zjc3u6lB0aaX2Cu4al3ISJFcS8Q43OHYo4K4XDJQ
DEBUG - 2025-02-20 12:05:58 --> Token Header: xxAF_2%%9()x232123
DEBUG - 2025-02-20 12:05:59 --> Authorization Header: Bearer eyJ0eXAiOiJKV1QiLCJhbGciOiJIUzUxMiJ9.eyJsb2dpbiI6ImEtNzU3NjU2NzMiLCJpYXQiOjE3MDk4OTgzMjR9.XRYRGGPyDqK773ceaRHD5HX0bw0XqVXSGM5JUP9jfWYxK3zjc3u6lB0aaX2Cu4al3ISJFcS8Q43OHYo4K4XDJQ
DEBUG - 2025-02-20 12:05:59 --> Token Header: xxAF_2%%9()x232123
DEBUG - 2025-02-20 12:06:23 --> Authorization Header: Bearer eyJ0eXAiOiJKV1QiLCJhbGciOiJIUzUxMiJ9.eyJsb2dpbiI6ImEtNzU3NjU2NzMiLCJpYXQiOjE3MDk4OTgzMjR9.XRYRGGPyDqK773ceaRHD5HX0bw0XqVXSGM5JUP9jfWYxK3zjc3u6lB0aaX2Cu4al3ISJFcS8Q43OHYo4K4XDJQ
DEBUG - 2025-02-20 12:06:23 --> Token Header: xxAF_2%%9()x232123
DEBUG - 2025-02-20 12:06:24 --> Authorization Header: Bearer eyJ0eXAiOiJKV1QiLCJhbGciOiJIUzUxMiJ9.eyJsb2dpbiI6ImEtNzU3NjU2NzMiLCJpYXQiOjE3MDk4OTgzMjR9.XRYRGGPyDqK773ceaRHD5HX0bw0XqVXSGM5JUP9jfWYxK3zjc3u6lB0aaX2Cu4al3ISJFcS8Q43OHYo4K4XDJQ
DEBUG - 2025-02-20 12:06:24 --> Token Header: xxAF_2%%9()x232123
DEBUG - 2025-02-20 12:06:25 --> Authorization Header: Bearer eyJ0eXAiOiJKV1QiLCJhbGciOiJIUzUxMiJ9.eyJsb2dpbiI6ImEtNzU3NjU2NzMiLCJpYXQiOjE3MDk4OTgzMjR9.XRYRGGPyDqK773ceaRHD5HX0bw0XqVXSGM5JUP9jfWYxK3zjc3u6lB0aaX2Cu4al3ISJFcS8Q43OHYo4K4XDJQ
DEBUG - 2025-02-20 12:06:25 --> Token Header: xxAF_2%%9()x232123
DEBUG - 2025-02-20 12:06:26 --> Authorization Header: Bearer eyJ0eXAiOiJKV1QiLCJhbGciOiJIUzUxMiJ9.eyJsb2dpbiI6ImEtNzU3NjU2NzMiLCJpYXQiOjE3MDk4OTgzMjR9.XRYRGGPyDqK773ceaRHD5HX0bw0XqVXSGM5JUP9jfWYxK3zjc3u6lB0aaX2Cu4al3ISJFcS8Q43OHYo4K4XDJQ
DEBUG - 2025-02-20 12:06:26 --> Token Header: xxAF_2%%9()x232123
DEBUG - 2025-02-20 12:06:26 --> Authorization Header: Bearer eyJ0eXAiOiJKV1QiLCJhbGciOiJIUzUxMiJ9.eyJsb2dpbiI6ImEtNzU3NjU2NzMiLCJpYXQiOjE3MDk4OTgzMjR9.XRYRGGPyDqK773ceaRHD5HX0bw0XqVXSGM5JUP9jfWYxK3zjc3u6lB0aaX2Cu4al3ISJFcS8Q43OHYo4K4XDJQ
DEBUG - 2025-02-20 12:06:26 --> Token Header: xxAF_2%%9()x232123
DEBUG - 2025-02-20 12:06:26 --> Authorization Header: Bearer eyJ0eXAiOiJKV1QiLCJhbGciOiJIUzUxMiJ9.eyJsb2dpbiI6ImEtNzU3NjU2NzMiLCJpYXQiOjE3MDk4OTgzMjR9.XRYRGGPyDqK773ceaRHD5HX0bw0XqVXSGM5JUP9jfWYxK3zjc3u6lB0aaX2Cu4al3ISJFcS8Q43OHYo4K4XDJQ
DEBUG - 2025-02-20 12:06:26 --> Token Header: xxAF_2%%9()x232123
DEBUG - 2025-02-20 12:07:46 --> Authorization Header: Bearer eyJ0eXAiOiJKV1QiLCJhbGciOiJIUzUxMiJ9.eyJsb2dpbiI6ImEtNzU3NjU2NzMiLCJpYXQiOjE3MDk4OTgzMjR9.XRYRGGPyDqK773ceaRHD5HX0bw0XqVXSGM5JUP9jfWYxK3zjc3u6lB0aaX2Cu4al3ISJFcS8Q43OHYo4K4XDJQ
DEBUG - 2025-02-20 12:07:46 --> Token Header: xxAF_2%%9()x232123
DEBUG - 2025-02-20 12:07:46 --> Authorization Header: Bearer eyJ0eXAiOiJKV1QiLCJhbGciOiJIUzUxMiJ9.eyJsb2dpbiI6ImEtNzU3NjU2NzMiLCJpYXQiOjE3MDk4OTgzMjR9.XRYRGGPyDqK773ceaRHD5HX0bw0XqVXSGM5JUP9jfWYxK3zjc3u6lB0aaX2Cu4al3ISJFcS8Q43OHYo4K4XDJQ
DEBUG - 2025-02-20 12:07:46 --> Token Header: xxAF_2%%9()x232123
DEBUG - 2025-02-20 12:07:47 --> Authorization Header: Bearer eyJ0eXAiOiJKV1QiLCJhbGciOiJIUzUxMiJ9.eyJsb2dpbiI6ImEtNzU3NjU2NzMiLCJpYXQiOjE3MDk4OTgzMjR9.XRYRGGPyDqK773ceaRHD5HX0bw0XqVXSGM5JUP9jfWYxK3zjc3u6lB0aaX2Cu4al3ISJFcS8Q43OHYo4K4XDJQ
DEBUG - 2025-02-20 12:07:47 --> Token Header: xxAF_2%%9()x232123
DEBUG - 2025-02-20 12:08:05 --> Authorization Header: Bearer eyJ0eXAiOiJKV1QiLCJhbGciOiJIUzUxMiJ9.eyJsb2dpbiI6ImEtNzU3NjU2NzMiLCJpYXQiOjE3MDk4OTgzMjR9.XRYRGGPyDqK773ceaRHD5HX0bw0XqVXSGM5JUP9jfWYxK3zjc3u6lB0aaX2Cu4al3ISJFcS8Q43OHYo4K4XDJQ
DEBUG - 2025-02-20 12:08:05 --> Token Header: 
DEBUG - 2025-02-20 12:08:06 --> Authorization Header: Bearer eyJ0eXAiOiJKV1QiLCJhbGciOiJIUzUxMiJ9.eyJsb2dpbiI6ImEtNzU3NjU2NzMiLCJpYXQiOjE3MDk4OTgzMjR9.XRYRGGPyDqK773ceaRHD5HX0bw0XqVXSGM5JUP9jfWYxK3zjc3u6lB0aaX2Cu4al3ISJFcS8Q43OHYo4K4XDJQ
DEBUG - 2025-02-20 12:08:06 --> Token Header: 
DEBUG - 2025-02-20 12:08:07 --> Authorization Header: Bearer eyJ0eXAiOiJKV1QiLCJhbGciOiJIUzUxMiJ9.eyJsb2dpbiI6ImEtNzU3NjU2NzMiLCJpYXQiOjE3MDk4OTgzMjR9.XRYRGGPyDqK773ceaRHD5HX0bw0XqVXSGM5JUP9jfWYxK3zjc3u6lB0aaX2Cu4al3ISJFcS8Q43OHYo4K4XDJQ
DEBUG - 2025-02-20 12:08:07 --> Token Header: 
DEBUG - 2025-02-20 12:08:44 --> Authorization Header: Bearer eyJ0eXAiOiJKV1QiLCJhbGciOiJIUzUxMiJ9.eyJsb2dpbiI6ImEtNzU3NjU2NzMiLCJpYXQiOjE3MDk4OTgzMjR9.XRYRGGPyDqK773ceaRHD5HX0bw0XqVXSGM5JUP9jfWYxK3zjc3u6lB0aaX2Cu4al3ISJFcS8Q43OHYo4K4XDJQ
DEBUG - 2025-02-20 12:08:44 --> Token Header: 
DEBUG - 2025-02-20 12:08:51 --> Authorization Header: Bearer eyJ0eXAiOiJKV1QiLCJhbGciOiJIUzUxMiJ9.eyJsb2dpbiI6ImEtNzU3NjU2NzMiLCJpYXQiOjE3MDk4OTgzMjR9.XRYRGGPyDqK773ceaRHD5HX0bw0XqVXSGM5JUP9jfWYxK3zjc3u6lB0aaX2Cu4al3ISJFcS8Q43OHYo4K4XDJQ
DEBUG - 2025-02-20 12:08:51 --> Token Header: 
DEBUG - 2025-02-20 12:09:10 --> Authorization Header: Bearer eyJ0eXAiOiJKV1QiLCJhbGciOiJIUzUxMiJ9.eyJsb2dpbiI6ImEtNzU3NjU2NzMiLCJpYXQiOjE3MDk4OTgzMjR9.XRYRGGPyDqK773ceaRHD5HX0bw0XqVXSGM5JUP9jfWYxK3zjc3u6lB0aaX2Cu4al3ISJFcS8Q43OHYo4K4XDJQ
DEBUG - 2025-02-20 12:09:10 --> Token Header: 
DEBUG - 2025-02-20 12:09:12 --> Authorization Header: Bearer eyJ0eXAiOiJKV1QiLCJhbGciOiJIUzUxMiJ9.eyJsb2dpbiI6ImEtNzU3NjU2NzMiLCJpYXQiOjE3MDk4OTgzMjR9.XRYRGGPyDqK773ceaRHD5HX0bw0XqVXSGM5JUP9jfWYxK3zjc3u6lB0aaX2Cu4al3ISJFcS8Q43OHYo4K4XDJQ
DEBUG - 2025-02-20 12:09:12 --> Token Header: 
DEBUG - 2025-02-20 12:09:12 --> Authorization Header: Bearer eyJ0eXAiOiJKV1QiLCJhbGciOiJIUzUxMiJ9.eyJsb2dpbiI6ImEtNzU3NjU2NzMiLCJpYXQiOjE3MDk4OTgzMjR9.XRYRGGPyDqK773ceaRHD5HX0bw0XqVXSGM5JUP9jfWYxK3zjc3u6lB0aaX2Cu4al3ISJFcS8Q43OHYo4K4XDJQ
DEBUG - 2025-02-20 12:09:12 --> Token Header: 
DEBUG - 2025-02-20 12:09:13 --> Authorization Header: Bearer eyJ0eXAiOiJKV1QiLCJhbGciOiJIUzUxMiJ9.eyJsb2dpbiI6ImEtNzU3NjU2NzMiLCJpYXQiOjE3MDk4OTgzMjR9.XRYRGGPyDqK773ceaRHD5HX0bw0XqVXSGM5JUP9jfWYxK3zjc3u6lB0aaX2Cu4al3ISJFcS8Q43OHYo4K4XDJQ
DEBUG - 2025-02-20 12:09:13 --> Token Header: 
DEBUG - 2025-02-20 12:09:13 --> Authorization Header: Bearer eyJ0eXAiOiJKV1QiLCJhbGciOiJIUzUxMiJ9.eyJsb2dpbiI6ImEtNzU3NjU2NzMiLCJpYXQiOjE3MDk4OTgzMjR9.XRYRGGPyDqK773ceaRHD5HX0bw0XqVXSGM5JUP9jfWYxK3zjc3u6lB0aaX2Cu4al3ISJFcS8Q43OHYo4K4XDJQ
DEBUG - 2025-02-20 12:09:13 --> Token Header: 
DEBUG - 2025-02-20 12:09:14 --> Authorization Header: Bearer eyJ0eXAiOiJKV1QiLCJhbGciOiJIUzUxMiJ9.eyJsb2dpbiI6ImEtNzU3NjU2NzMiLCJpYXQiOjE3MDk4OTgzMjR9.XRYRGGPyDqK773ceaRHD5HX0bw0XqVXSGM5JUP9jfWYxK3zjc3u6lB0aaX2Cu4al3ISJFcS8Q43OHYo4K4XDJQ
DEBUG - 2025-02-20 12:09:14 --> Token Header: 
DEBUG - 2025-02-20 12:09:15 --> Authorization Header: Bearer eyJ0eXAiOiJKV1QiLCJhbGciOiJIUzUxMiJ9.eyJsb2dpbiI6ImEtNzU3NjU2NzMiLCJpYXQiOjE3MDk4OTgzMjR9.XRYRGGPyDqK773ceaRHD5HX0bw0XqVXSGM5JUP9jfWYxK3zjc3u6lB0aaX2Cu4al3ISJFcS8Q43OHYo4K4XDJQ
DEBUG - 2025-02-20 12:09:15 --> Token Header: 
DEBUG - 2025-02-20 12:09:50 --> Authorization Header: Bearer eyJ0eXAiOiJKV1QiLCJhbGciOiJIUzUxMiJ9.eyJsb2dpbiI6ImEtNzU3NjU2NzMiLCJpYXQiOjE3MDk4OTgzMjR9.XRYRGGPyDqK773ceaRHD5HX0bw0XqVXSGM5JUP9jfWYxK3zjc3u6lB0aaX2Cu4al3ISJFcS8Q43OHYo4K4XDJQ
DEBUG - 2025-02-20 12:09:50 --> Token Header: 
DEBUG - 2025-02-20 12:10:50 --> Authorization Header: Bearer eyJ0eXAiOiJKV1QiLCJhbGciOiJIUzUxMiJ9.eyJsb2dpbiI6ImEtNzU3NjU2NzMiLCJpYXQiOjE3MDk4OTgzMjR9.XRYRGGPyDqK773ceaRHD5HX0bw0XqVXSGM5JUP9jfWYxK3zjc3u6lB0aaX2Cu4al3ISJFcS8Q43OHYo4K4XDJQ
DEBUG - 2025-02-20 12:10:50 --> Token Header: 
DEBUG - 2025-02-20 12:10:51 --> Authorization Header: Bearer eyJ0eXAiOiJKV1QiLCJhbGciOiJIUzUxMiJ9.eyJsb2dpbiI6ImEtNzU3NjU2NzMiLCJpYXQiOjE3MDk4OTgzMjR9.XRYRGGPyDqK773ceaRHD5HX0bw0XqVXSGM5JUP9jfWYxK3zjc3u6lB0aaX2Cu4al3ISJFcS8Q43OHYo4K4XDJQ
DEBUG - 2025-02-20 12:10:51 --> Token Header: 
DEBUG - 2025-02-20 12:10:52 --> Authorization Header: Bearer eyJ0eXAiOiJKV1QiLCJhbGciOiJIUzUxMiJ9.eyJsb2dpbiI6ImEtNzU3NjU2NzMiLCJpYXQiOjE3MDk4OTgzMjR9.XRYRGGPyDqK773ceaRHD5HX0bw0XqVXSGM5JUP9jfWYxK3zjc3u6lB0aaX2Cu4al3ISJFcS8Q43OHYo4K4XDJQ
DEBUG - 2025-02-20 12:10:52 --> Token Header: 
CRITICAL - 2025-02-20 12:30:50 --> TypeError: CodeIgniter\HTTP\Response::setStatusCode(): Argument #2 ($reason) must be of type string, array given, called in /var/www/vhosts/saicasl.eu/apirest.saicasl.eu/api1/api/app/Controllers/ApiController.php on line 22
[Method: GET, Route: pruebaLlamada]
in SYSTEMPATH/HTTP/ResponseTrait.php on line 78.
 1 APPPATH/Controllers/ApiController.php(22): CodeIgniter\HTTP\Response->setStatusCode()
 2 SYSTEMPATH/CodeIgniter.php(933): APP\Controllers\ApiController->pruebaLlamada()
 3 SYSTEMPATH/CodeIgniter.php(507): CodeIgniter\CodeIgniter->runController()
 4 SYSTEMPATH/CodeIgniter.php(354): CodeIgniter\CodeIgniter->handleRequest()
 5 SYSTEMPATH/Boot.php(334): CodeIgniter\CodeIgniter->run()
 6 SYSTEMPATH/Boot.php(67): CodeIgniter\Boot::runCodeIgniter()
 7 FCPATH/index.php(56): CodeIgniter\Boot::bootWeb()
CRITICAL - 2025-02-20 12:31:12 --> TypeError: CodeIgniter\HTTP\Response::setStatusCode(): Argument #2 ($reason) must be of type string, array given, called in /var/www/vhosts/saicasl.eu/apirest.saicasl.eu/api1/api/app/Controllers/ApiController.php on line 22
[Method: GET, Route: pruebaLlamada]
in SYSTEMPATH/HTTP/ResponseTrait.php on line 78.
 1 APPPATH/Controllers/ApiController.php(22): CodeIgniter\HTTP\Response->setStatusCode()
 2 SYSTEMPATH/CodeIgniter.php(933): APP\Controllers\ApiController->pruebaLlamada()
 3 SYSTEMPATH/CodeIgniter.php(507): CodeIgniter\CodeIgniter->runController()
 4 SYSTEMPATH/CodeIgniter.php(354): CodeIgniter\CodeIgniter->handleRequest()
 5 SYSTEMPATH/Boot.php(334): CodeIgniter\CodeIgniter->run()
 6 SYSTEMPATH/Boot.php(67): CodeIgniter\Boot::runCodeIgniter()
 7 FCPATH/index.php(56): CodeIgniter\Boot::bootWeb()
CRITICAL - 2025-02-20 12:44:39 --> ErrorException: Undefined property: App\Controllers\Home::$output
[Method: GET, Route: /]
in APPPATH/Controllers/Home.php on line 9.
 1 APPPATH/Controllers/Home.php(9): CodeIgniter\Debug\Exceptions->errorHandler()
 2 SYSTEMPATH/CodeIgniter.php(933): App\Controllers\Home->index()
 3 SYSTEMPATH/CodeIgniter.php(507): CodeIgniter\CodeIgniter->runController()
 4 SYSTEMPATH/CodeIgniter.php(354): CodeIgniter\CodeIgniter->handleRequest()
 5 SYSTEMPATH/Boot.php(334): CodeIgniter\CodeIgniter->run()
 6 SYSTEMPATH/Boot.php(67): CodeIgniter\Boot::runCodeIgniter()
 7 FCPATH/index.php(56): CodeIgniter\Boot::bootWeb()
CRITICAL - 2025-02-20 12:45:37 --> Error: Call to undefined method CodeIgniter\HTTP\Response::set_content_type()
[Method: GET, Route: /]
in APPPATH/Controllers/Home.php on line 10.
 1 SYSTEMPATH/CodeIgniter.php(933): App\Controllers\Home->index()
 2 SYSTEMPATH/CodeIgniter.php(507): CodeIgniter\CodeIgniter->runController()
 3 SYSTEMPATH/CodeIgniter.php(354): CodeIgniter\CodeIgniter->handleRequest()
 4 SYSTEMPATH/Boot.php(334): CodeIgniter\CodeIgniter->run()
 5 SYSTEMPATH/Boot.php(67): CodeIgniter\Boot::runCodeIgniter()
 6 FCPATH/index.php(56): CodeIgniter\Boot::bootWeb()
CRITICAL - 2025-02-20 12:46:37 --> TypeError: App\Controllers\Home::index(): Return value must be of type string, CodeIgniter\HTTP\Response returned
[Method: GET, Route: /]
in APPPATH/Controllers/Home.php on line 9.
 1 SYSTEMPATH/CodeIgniter.php(933): App\Controllers\Home->index()
 2 SYSTEMPATH/CodeIgniter.php(507): CodeIgniter\CodeIgniter->runController()
 3 SYSTEMPATH/CodeIgniter.php(354): CodeIgniter\CodeIgniter->handleRequest()
 4 SYSTEMPATH/Boot.php(334): CodeIgniter\CodeIgniter->run()
 5 SYSTEMPATH/Boot.php(67): CodeIgniter\Boot::runCodeIgniter()
 6 FCPATH/index.php(56): CodeIgniter\Boot::bootWeb()
CRITICAL - 2025-02-20 12:46:38 --> TypeError: App\Controllers\Home::index(): Return value must be of type string, CodeIgniter\HTTP\Response returned
[Method: GET, Route: /]
in APPPATH/Controllers/Home.php on line 9.
 1 SYSTEMPATH/CodeIgniter.php(933): App\Controllers\Home->index()
 2 SYSTEMPATH/CodeIgniter.php(507): CodeIgniter\CodeIgniter->runController()
 3 SYSTEMPATH/CodeIgniter.php(354): CodeIgniter\CodeIgniter->handleRequest()
 4 SYSTEMPATH/Boot.php(334): CodeIgniter\CodeIgniter->run()
 5 SYSTEMPATH/Boot.php(67): CodeIgniter\Boot::runCodeIgniter()
 6 FCPATH/index.php(56): CodeIgniter\Boot::bootWeb()
CRITICAL - 2025-02-20 12:59:50 --> Error: Call to undefined method App\Controllers\Home::setResponseFormat()
[Method: GET, Route: /]
in APPPATH/Controllers/Home.php on line 9.
 1 SYSTEMPATH/CodeIgniter.php(933): App\Controllers\Home->index()
 2 SYSTEMPATH/CodeIgniter.php(507): CodeIgniter\CodeIgniter->runController()
 3 SYSTEMPATH/CodeIgniter.php(354): CodeIgniter\CodeIgniter->handleRequest()
 4 SYSTEMPATH/Boot.php(334): CodeIgniter\CodeIgniter->run()
 5 SYSTEMPATH/Boot.php(67): CodeIgniter\Boot::runCodeIgniter()
 6 FCPATH/index.php(56): CodeIgniter\Boot::bootWeb()
CRITICAL - 2025-02-20 13:01:26 --> ErrorException: Trait "App\Controllers\ResponseTrait" not found
[Method: GET, Route: /]
in APPPATH/Controllers/Home.php on line 5.
 1 [internal function]: CodeIgniter\Debug\Exceptions->shutdownHandler()
CRITICAL - 2025-02-20 13:01:47 --> ErrorException: Namespace declaration statement has to be the very first statement or after any declare call in the script
[Method: GET, Route: /]
in APPPATH/Controllers/Home.php on line 5.
 1 [internal function]: CodeIgniter\Debug\Exceptions->shutdownHandler()
