ERROR - 2025-03-19 18:52:30 --> ErrorException: pg_query(): Query failed: ERROR:  relation &quot;articulo&quot; does not exist
LINE 2: FROM &quot;articulo&quot;
             ^ in /var/www/vhosts/saicasl.eu/apirest.saicasl.eu/api1/api/system/Database/Postgre/Connection.php:206
Stack trace:
#0 [internal function]: CodeIgniter\Debug\Exceptions->errorHandler()
#1 /var/www/vhosts/saicasl.eu/apirest.saicasl.eu/api1/api/system/Database/Postgre/Connection.php(206): pg_query()
#2 /var/www/vhosts/saicasl.eu/apirest.saicasl.eu/api1/api/system/Database/BaseConnection.php(738): CodeIgniter\Database\Postgre\Connection->execute()
#3 /var/www/vhosts/saicasl.eu/apirest.saicasl.eu/api1/api/system/Database/BaseConnection.php(652): CodeIgniter\Database\BaseConnection->simpleQuery()
#4 /var/www/vhosts/saicasl.eu/apirest.saicasl.eu/api1/api/system/Database/BaseBuilder.php(1649): CodeIgniter\Database\BaseConnection->query()
#5 /var/www/vhosts/saicasl.eu/apirest.saicasl.eu/api1/api/system/Model.php(286): CodeIgniter\Database\BaseBuilder->get()
#6 /var/www/vhosts/saicasl.eu/apirest.saicasl.eu/api1/api/system/BaseModel.php(675): CodeIgniter\Model->doFindAll()
#7 /var/www/vhosts/saicasl.eu/apirest.saicasl.eu/api1/api/app/Controllers/ApiController.php(32): CodeIgniter\BaseModel->findAll()
#8 /var/www/vhosts/saicasl.eu/apirest.saicasl.eu/api1/api/system/CodeIgniter.php(933): App\Controllers\ApiController->recibirJuegos()
#9 /var/www/vhosts/saicasl.eu/apirest.saicasl.eu/api1/api/system/CodeIgniter.php(507): CodeIgniter\CodeIgniter->runController()
#10 /var/www/vhosts/saicasl.eu/apirest.saicasl.eu/api1/api/system/CodeIgniter.php(354): CodeIgniter\CodeIgniter->handleRequest()
#11 /var/www/vhosts/saicasl.eu/apirest.saicasl.eu/api1/api/system/Boot.php(334): CodeIgniter\CodeIgniter->run()
#12 /var/www/vhosts/saicasl.eu/apirest.saicasl.eu/api1/api/system/Boot.php(67): CodeIgniter\Boot::runCodeIgniter()
#13 /var/www/vhosts/saicasl.eu/apirest.saicasl.eu/api1/api/public/index.php(62): CodeIgniter\Boot::bootWeb()
#14 {main}
CRITICAL - 2025-03-19 18:52:30 --> CodeIgniter\Database\Exceptions\DatabaseException: pg_query(): Query failed: ERROR:  relation &quot;articulo&quot; does not exist
LINE 2: FROM &quot;articulo&quot;
             ^
[Method: GET, Route: recibirJuegos]
in SYSTEMPATH/Database/BaseConnection.php on line 692.
 1 SYSTEMPATH/Database/BaseBuilder.php(1649): CodeIgniter\Database\BaseConnection->query()
 2 SYSTEMPATH/Model.php(286): CodeIgniter\Database\BaseBuilder->get()
 3 SYSTEMPATH/BaseModel.php(675): CodeIgniter\Model->doFindAll()
 4 APPPATH/Controllers/ApiController.php(32): CodeIgniter\BaseModel->findAll()
 5 SYSTEMPATH/CodeIgniter.php(933): App\Controllers\ApiController->recibirJuegos()
 6 SYSTEMPATH/CodeIgniter.php(507): CodeIgniter\CodeIgniter->runController()
 7 SYSTEMPATH/CodeIgniter.php(354): CodeIgniter\CodeIgniter->handleRequest()
 8 SYSTEMPATH/Boot.php(334): CodeIgniter\CodeIgniter->run()
 9 SYSTEMPATH/Boot.php(67): CodeIgniter\Boot::runCodeIgniter()
10 FCPATH/index.php(62): CodeIgniter\Boot::bootWeb()
CRITICAL - 2025-03-19 18:52:30 --> [Caused by] CodeIgniter\Database\Exceptions\DatabaseException: pg_query(): Query failed: ERROR:  relation &quot;articulo&quot; does not exist
LINE 2: FROM &quot;articulo&quot;
             ^
in SYSTEMPATH/Database/Postgre/Connection.php on line 211.
 1 SYSTEMPATH/Database/BaseConnection.php(738): CodeIgniter\Database\Postgre\Connection->execute()
 2 SYSTEMPATH/Database/BaseConnection.php(652): CodeIgniter\Database\BaseConnection->simpleQuery()
 3 SYSTEMPATH/Database/BaseBuilder.php(1649): CodeIgniter\Database\BaseConnection->query()
 4 SYSTEMPATH/Model.php(286): CodeIgniter\Database\BaseBuilder->get()
 5 SYSTEMPATH/BaseModel.php(675): CodeIgniter\Model->doFindAll()
 6 APPPATH/Controllers/ApiController.php(32): CodeIgniter\BaseModel->findAll()
 7 SYSTEMPATH/CodeIgniter.php(933): App\Controllers\ApiController->recibirJuegos()
 8 SYSTEMPATH/CodeIgniter.php(507): CodeIgniter\CodeIgniter->runController()
 9 SYSTEMPATH/CodeIgniter.php(354): CodeIgniter\CodeIgniter->handleRequest()
10 SYSTEMPATH/Boot.php(334): CodeIgniter\CodeIgniter->run()
11 SYSTEMPATH/Boot.php(67): CodeIgniter\Boot::runCodeIgniter()
12 FCPATH/index.php(62): CodeIgniter\Boot::bootWeb()
CRITICAL - 2025-03-19 18:52:30 --> [Caused by] ErrorException: pg_query(): Query failed: ERROR:  relation &quot;articulo&quot; does not exist
LINE 2: FROM &quot;articulo&quot;
             ^
in SYSTEMPATH/Database/Postgre/Connection.php on line 206.
 1 [internal function]: CodeIgniter\Debug\Exceptions->errorHandler()
 2 SYSTEMPATH/Database/Postgre/Connection.php(206): pg_query()
 3 SYSTEMPATH/Database/BaseConnection.php(738): CodeIgniter\Database\Postgre\Connection->execute()
 4 SYSTEMPATH/Database/BaseConnection.php(652): CodeIgniter\Database\BaseConnection->simpleQuery()
 5 SYSTEMPATH/Database/BaseBuilder.php(1649): CodeIgniter\Database\BaseConnection->query()
 6 SYSTEMPATH/Model.php(286): CodeIgniter\Database\BaseBuilder->get()
 7 SYSTEMPATH/BaseModel.php(675): CodeIgniter\Model->doFindAll()
 8 APPPATH/Controllers/ApiController.php(32): CodeIgniter\BaseModel->findAll()
 9 SYSTEMPATH/CodeIgniter.php(933): App\Controllers\ApiController->recibirJuegos()
10 SYSTEMPATH/CodeIgniter.php(507): CodeIgniter\CodeIgniter->runController()
11 SYSTEMPATH/CodeIgniter.php(354): CodeIgniter\CodeIgniter->handleRequest()
12 SYSTEMPATH/Boot.php(334): CodeIgniter\CodeIgniter->run()
13 SYSTEMPATH/Boot.php(67): CodeIgniter\Boot::runCodeIgniter()
14 FCPATH/index.php(62): CodeIgniter\Boot::bootWeb()
ERROR - 2025-03-19 18:58:34 --> ErrorException: pg_query(): Query failed: ERROR:  relation &quot;articulo&quot; does not exist
LINE 2: FROM &quot;articulo&quot;
             ^ in /var/www/vhosts/saicasl.eu/apirest.saicasl.eu/api1/api/system/Database/Postgre/Connection.php:206
Stack trace:
#0 [internal function]: CodeIgniter\Debug\Exceptions->errorHandler()
#1 /var/www/vhosts/saicasl.eu/apirest.saicasl.eu/api1/api/system/Database/Postgre/Connection.php(206): pg_query()
#2 /var/www/vhosts/saicasl.eu/apirest.saicasl.eu/api1/api/system/Database/BaseConnection.php(738): CodeIgniter\Database\Postgre\Connection->execute()
#3 /var/www/vhosts/saicasl.eu/apirest.saicasl.eu/api1/api/system/Database/BaseConnection.php(652): CodeIgniter\Database\BaseConnection->simpleQuery()
#4 /var/www/vhosts/saicasl.eu/apirest.saicasl.eu/api1/api/system/Database/BaseBuilder.php(1649): CodeIgniter\Database\BaseConnection->query()
#5 /var/www/vhosts/saicasl.eu/apirest.saicasl.eu/api1/api/system/Model.php(286): CodeIgniter\Database\BaseBuilder->get()
#6 /var/www/vhosts/saicasl.eu/apirest.saicasl.eu/api1/api/system/BaseModel.php(675): CodeIgniter\Model->doFindAll()
#7 /var/www/vhosts/saicasl.eu/apirest.saicasl.eu/api1/api/app/Controllers/ApiController.php(32): CodeIgniter\BaseModel->findAll()
#8 /var/www/vhosts/saicasl.eu/apirest.saicasl.eu/api1/api/system/CodeIgniter.php(933): App\Controllers\ApiController->recibirJuegos()
#9 /var/www/vhosts/saicasl.eu/apirest.saicasl.eu/api1/api/system/CodeIgniter.php(507): CodeIgniter\CodeIgniter->runController()
#10 /var/www/vhosts/saicasl.eu/apirest.saicasl.eu/api1/api/system/CodeIgniter.php(354): CodeIgniter\CodeIgniter->handleRequest()
#11 /var/www/vhosts/saicasl.eu/apirest.saicasl.eu/api1/api/system/Boot.php(334): CodeIgniter\CodeIgniter->run()
#12 /var/www/vhosts/saicasl.eu/apirest.saicasl.eu/api1/api/system/Boot.php(67): CodeIgniter\Boot::runCodeIgniter()
#13 /var/www/vhosts/saicasl.eu/apirest.saicasl.eu/api1/api/public/index.php(62): CodeIgniter\Boot::bootWeb()
#14 {main}
CRITICAL - 2025-03-19 18:58:34 --> CodeIgniter\Database\Exceptions\DatabaseException: pg_query(): Query failed: ERROR:  relation &quot;articulo&quot; does not exist
LINE 2: FROM &quot;articulo&quot;
             ^
[Method: GET, Route: recibirJuegos]
in SYSTEMPATH/Database/BaseConnection.php on line 692.
 1 SYSTEMPATH/Database/BaseBuilder.php(1649): CodeIgniter\Database\BaseConnection->query()
 2 SYSTEMPATH/Model.php(286): CodeIgniter\Database\BaseBuilder->get()
 3 SYSTEMPATH/BaseModel.php(675): CodeIgniter\Model->doFindAll()
 4 APPPATH/Controllers/ApiController.php(32): CodeIgniter\BaseModel->findAll()
 5 SYSTEMPATH/CodeIgniter.php(933): App\Controllers\ApiController->recibirJuegos()
 6 SYSTEMPATH/CodeIgniter.php(507): CodeIgniter\CodeIgniter->runController()
 7 SYSTEMPATH/CodeIgniter.php(354): CodeIgniter\CodeIgniter->handleRequest()
 8 SYSTEMPATH/Boot.php(334): CodeIgniter\CodeIgniter->run()
 9 SYSTEMPATH/Boot.php(67): CodeIgniter\Boot::runCodeIgniter()
10 FCPATH/index.php(62): CodeIgniter\Boot::bootWeb()
CRITICAL - 2025-03-19 18:58:34 --> [Caused by] CodeIgniter\Database\Exceptions\DatabaseException: pg_query(): Query failed: ERROR:  relation &quot;articulo&quot; does not exist
LINE 2: FROM &quot;articulo&quot;
             ^
in SYSTEMPATH/Database/Postgre/Connection.php on line 211.
 1 SYSTEMPATH/Database/BaseConnection.php(738): CodeIgniter\Database\Postgre\Connection->execute()
 2 SYSTEMPATH/Database/BaseConnection.php(652): CodeIgniter\Database\BaseConnection->simpleQuery()
 3 SYSTEMPATH/Database/BaseBuilder.php(1649): CodeIgniter\Database\BaseConnection->query()
 4 SYSTEMPATH/Model.php(286): CodeIgniter\Database\BaseBuilder->get()
 5 SYSTEMPATH/BaseModel.php(675): CodeIgniter\Model->doFindAll()
 6 APPPATH/Controllers/ApiController.php(32): CodeIgniter\BaseModel->findAll()
 7 SYSTEMPATH/CodeIgniter.php(933): App\Controllers\ApiController->recibirJuegos()
 8 SYSTEMPATH/CodeIgniter.php(507): CodeIgniter\CodeIgniter->runController()
 9 SYSTEMPATH/CodeIgniter.php(354): CodeIgniter\CodeIgniter->handleRequest()
10 SYSTEMPATH/Boot.php(334): CodeIgniter\CodeIgniter->run()
11 SYSTEMPATH/Boot.php(67): CodeIgniter\Boot::runCodeIgniter()
12 FCPATH/index.php(62): CodeIgniter\Boot::bootWeb()
CRITICAL - 2025-03-19 18:58:34 --> [Caused by] ErrorException: pg_query(): Query failed: ERROR:  relation &quot;articulo&quot; does not exist
LINE 2: FROM &quot;articulo&quot;
             ^
in SYSTEMPATH/Database/Postgre/Connection.php on line 206.
 1 [internal function]: CodeIgniter\Debug\Exceptions->errorHandler()
 2 SYSTEMPATH/Database/Postgre/Connection.php(206): pg_query()
 3 SYSTEMPATH/Database/BaseConnection.php(738): CodeIgniter\Database\Postgre\Connection->execute()
 4 SYSTEMPATH/Database/BaseConnection.php(652): CodeIgniter\Database\BaseConnection->simpleQuery()
 5 SYSTEMPATH/Database/BaseBuilder.php(1649): CodeIgniter\Database\BaseConnection->query()
 6 SYSTEMPATH/Model.php(286): CodeIgniter\Database\BaseBuilder->get()
 7 SYSTEMPATH/BaseModel.php(675): CodeIgniter\Model->doFindAll()
 8 APPPATH/Controllers/ApiController.php(32): CodeIgniter\BaseModel->findAll()
 9 SYSTEMPATH/CodeIgniter.php(933): App\Controllers\ApiController->recibirJuegos()
10 SYSTEMPATH/CodeIgniter.php(507): CodeIgniter\CodeIgniter->runController()
11 SYSTEMPATH/CodeIgniter.php(354): CodeIgniter\CodeIgniter->handleRequest()
12 SYSTEMPATH/Boot.php(334): CodeIgniter\CodeIgniter->run()
13 SYSTEMPATH/Boot.php(67): CodeIgniter\Boot::runCodeIgniter()
14 FCPATH/index.php(62): CodeIgniter\Boot::bootWeb()
ERROR - 2025-03-19 19:04:22 --> ErrorException: pg_query(): Query failed: ERROR:  relation &quot;articulo&quot; does not exist
LINE 2: FROM &quot;articulo&quot;
             ^ in /var/www/vhosts/saicasl.eu/apirest.saicasl.eu/api1/api/system/Database/Postgre/Connection.php:206
Stack trace:
#0 [internal function]: CodeIgniter\Debug\Exceptions->errorHandler()
#1 /var/www/vhosts/saicasl.eu/apirest.saicasl.eu/api1/api/system/Database/Postgre/Connection.php(206): pg_query()
#2 /var/www/vhosts/saicasl.eu/apirest.saicasl.eu/api1/api/system/Database/BaseConnection.php(738): CodeIgniter\Database\Postgre\Connection->execute()
#3 /var/www/vhosts/saicasl.eu/apirest.saicasl.eu/api1/api/system/Database/BaseConnection.php(652): CodeIgniter\Database\BaseConnection->simpleQuery()
#4 /var/www/vhosts/saicasl.eu/apirest.saicasl.eu/api1/api/system/Database/BaseBuilder.php(1649): CodeIgniter\Database\BaseConnection->query()
#5 /var/www/vhosts/saicasl.eu/apirest.saicasl.eu/api1/api/system/Model.php(286): CodeIgniter\Database\BaseBuilder->get()
#6 /var/www/vhosts/saicasl.eu/apirest.saicasl.eu/api1/api/system/BaseModel.php(675): CodeIgniter\Model->doFindAll()
#7 /var/www/vhosts/saicasl.eu/apirest.saicasl.eu/api1/api/app/Controllers/ApiController.php(32): CodeIgniter\BaseModel->findAll()
#8 /var/www/vhosts/saicasl.eu/apirest.saicasl.eu/api1/api/system/CodeIgniter.php(933): App\Controllers\ApiController->recibirJuegos()
#9 /var/www/vhosts/saicasl.eu/apirest.saicasl.eu/api1/api/system/CodeIgniter.php(507): CodeIgniter\CodeIgniter->runController()
#10 /var/www/vhosts/saicasl.eu/apirest.saicasl.eu/api1/api/system/CodeIgniter.php(354): CodeIgniter\CodeIgniter->handleRequest()
#11 /var/www/vhosts/saicasl.eu/apirest.saicasl.eu/api1/api/system/Boot.php(334): CodeIgniter\CodeIgniter->run()
#12 /var/www/vhosts/saicasl.eu/apirest.saicasl.eu/api1/api/system/Boot.php(67): CodeIgniter\Boot::runCodeIgniter()
#13 /var/www/vhosts/saicasl.eu/apirest.saicasl.eu/api1/api/public/index.php(62): CodeIgniter\Boot::bootWeb()
#14 {main}
CRITICAL - 2025-03-19 19:04:22 --> CodeIgniter\Database\Exceptions\DatabaseException: pg_query(): Query failed: ERROR:  relation &quot;articulo&quot; does not exist
LINE 2: FROM &quot;articulo&quot;
             ^
[Method: GET, Route: recibirJuegos]
in SYSTEMPATH/Database/BaseConnection.php on line 692.
 1 SYSTEMPATH/Database/BaseBuilder.php(1649): CodeIgniter\Database\BaseConnection->query()
 2 SYSTEMPATH/Model.php(286): CodeIgniter\Database\BaseBuilder->get()
 3 SYSTEMPATH/BaseModel.php(675): CodeIgniter\Model->doFindAll()
 4 APPPATH/Controllers/ApiController.php(32): CodeIgniter\BaseModel->findAll()
 5 SYSTEMPATH/CodeIgniter.php(933): App\Controllers\ApiController->recibirJuegos()
 6 SYSTEMPATH/CodeIgniter.php(507): CodeIgniter\CodeIgniter->runController()
 7 SYSTEMPATH/CodeIgniter.php(354): CodeIgniter\CodeIgniter->handleRequest()
 8 SYSTEMPATH/Boot.php(334): CodeIgniter\CodeIgniter->run()
 9 SYSTEMPATH/Boot.php(67): CodeIgniter\Boot::runCodeIgniter()
10 FCPATH/index.php(62): CodeIgniter\Boot::bootWeb()
CRITICAL - 2025-03-19 19:04:22 --> [Caused by] CodeIgniter\Database\Exceptions\DatabaseException: pg_query(): Query failed: ERROR:  relation &quot;articulo&quot; does not exist
LINE 2: FROM &quot;articulo&quot;
             ^
in SYSTEMPATH/Database/Postgre/Connection.php on line 211.
 1 SYSTEMPATH/Database/BaseConnection.php(738): CodeIgniter\Database\Postgre\Connection->execute()
 2 SYSTEMPATH/Database/BaseConnection.php(652): CodeIgniter\Database\BaseConnection->simpleQuery()
 3 SYSTEMPATH/Database/BaseBuilder.php(1649): CodeIgniter\Database\BaseConnection->query()
 4 SYSTEMPATH/Model.php(286): CodeIgniter\Database\BaseBuilder->get()
 5 SYSTEMPATH/BaseModel.php(675): CodeIgniter\Model->doFindAll()
 6 APPPATH/Controllers/ApiController.php(32): CodeIgniter\BaseModel->findAll()
 7 SYSTEMPATH/CodeIgniter.php(933): App\Controllers\ApiController->recibirJuegos()
 8 SYSTEMPATH/CodeIgniter.php(507): CodeIgniter\CodeIgniter->runController()
 9 SYSTEMPATH/CodeIgniter.php(354): CodeIgniter\CodeIgniter->handleRequest()
10 SYSTEMPATH/Boot.php(334): CodeIgniter\CodeIgniter->run()
11 SYSTEMPATH/Boot.php(67): CodeIgniter\Boot::runCodeIgniter()
12 FCPATH/index.php(62): CodeIgniter\Boot::bootWeb()
CRITICAL - 2025-03-19 19:04:22 --> [Caused by] ErrorException: pg_query(): Query failed: ERROR:  relation &quot;articulo&quot; does not exist
LINE 2: FROM &quot;articulo&quot;
             ^
in SYSTEMPATH/Database/Postgre/Connection.php on line 206.
 1 [internal function]: CodeIgniter\Debug\Exceptions->errorHandler()
 2 SYSTEMPATH/Database/Postgre/Connection.php(206): pg_query()
 3 SYSTEMPATH/Database/BaseConnection.php(738): CodeIgniter\Database\Postgre\Connection->execute()
 4 SYSTEMPATH/Database/BaseConnection.php(652): CodeIgniter\Database\BaseConnection->simpleQuery()
 5 SYSTEMPATH/Database/BaseBuilder.php(1649): CodeIgniter\Database\BaseConnection->query()
 6 SYSTEMPATH/Model.php(286): CodeIgniter\Database\BaseBuilder->get()
 7 SYSTEMPATH/BaseModel.php(675): CodeIgniter\Model->doFindAll()
 8 APPPATH/Controllers/ApiController.php(32): CodeIgniter\BaseModel->findAll()
 9 SYSTEMPATH/CodeIgniter.php(933): App\Controllers\ApiController->recibirJuegos()
10 SYSTEMPATH/CodeIgniter.php(507): CodeIgniter\CodeIgniter->runController()
11 SYSTEMPATH/CodeIgniter.php(354): CodeIgniter\CodeIgniter->handleRequest()
12 SYSTEMPATH/Boot.php(334): CodeIgniter\CodeIgniter->run()
13 SYSTEMPATH/Boot.php(67): CodeIgniter\Boot::runCodeIgniter()
14 FCPATH/index.php(62): CodeIgniter\Boot::bootWeb()
ERROR - 2025-03-19 19:04:27 --> ErrorException: pg_query(): Query failed: ERROR:  relation &quot;articulo&quot; does not exist
LINE 2: FROM &quot;articulo&quot;
             ^ in /var/www/vhosts/saicasl.eu/apirest.saicasl.eu/api1/api/system/Database/Postgre/Connection.php:206
Stack trace:
#0 [internal function]: CodeIgniter\Debug\Exceptions->errorHandler()
#1 /var/www/vhosts/saicasl.eu/apirest.saicasl.eu/api1/api/system/Database/Postgre/Connection.php(206): pg_query()
#2 /var/www/vhosts/saicasl.eu/apirest.saicasl.eu/api1/api/system/Database/BaseConnection.php(738): CodeIgniter\Database\Postgre\Connection->execute()
#3 /var/www/vhosts/saicasl.eu/apirest.saicasl.eu/api1/api/system/Database/BaseConnection.php(652): CodeIgniter\Database\BaseConnection->simpleQuery()
#4 /var/www/vhosts/saicasl.eu/apirest.saicasl.eu/api1/api/system/Database/BaseBuilder.php(1649): CodeIgniter\Database\BaseConnection->query()
#5 /var/www/vhosts/saicasl.eu/apirest.saicasl.eu/api1/api/system/Model.php(286): CodeIgniter\Database\BaseBuilder->get()
#6 /var/www/vhosts/saicasl.eu/apirest.saicasl.eu/api1/api/system/BaseModel.php(675): CodeIgniter\Model->doFindAll()
#7 /var/www/vhosts/saicasl.eu/apirest.saicasl.eu/api1/api/app/Controllers/ApiController.php(32): CodeIgniter\BaseModel->findAll()
#8 /var/www/vhosts/saicasl.eu/apirest.saicasl.eu/api1/api/system/CodeIgniter.php(933): App\Controllers\ApiController->recibirJuegos()
#9 /var/www/vhosts/saicasl.eu/apirest.saicasl.eu/api1/api/system/CodeIgniter.php(507): CodeIgniter\CodeIgniter->runController()
#10 /var/www/vhosts/saicasl.eu/apirest.saicasl.eu/api1/api/system/CodeIgniter.php(354): CodeIgniter\CodeIgniter->handleRequest()
#11 /var/www/vhosts/saicasl.eu/apirest.saicasl.eu/api1/api/system/Boot.php(334): CodeIgniter\CodeIgniter->run()
#12 /var/www/vhosts/saicasl.eu/apirest.saicasl.eu/api1/api/system/Boot.php(67): CodeIgniter\Boot::runCodeIgniter()
#13 /var/www/vhosts/saicasl.eu/apirest.saicasl.eu/api1/api/public/index.php(62): CodeIgniter\Boot::bootWeb()
#14 {main}
CRITICAL - 2025-03-19 19:04:27 --> CodeIgniter\Database\Exceptions\DatabaseException: pg_query(): Query failed: ERROR:  relation &quot;articulo&quot; does not exist
LINE 2: FROM &quot;articulo&quot;
             ^
[Method: GET, Route: recibirJuegos]
in SYSTEMPATH/Database/BaseConnection.php on line 692.
 1 SYSTEMPATH/Database/BaseBuilder.php(1649): CodeIgniter\Database\BaseConnection->query()
 2 SYSTEMPATH/Model.php(286): CodeIgniter\Database\BaseBuilder->get()
 3 SYSTEMPATH/BaseModel.php(675): CodeIgniter\Model->doFindAll()
 4 APPPATH/Controllers/ApiController.php(32): CodeIgniter\BaseModel->findAll()
 5 SYSTEMPATH/CodeIgniter.php(933): App\Controllers\ApiController->recibirJuegos()
 6 SYSTEMPATH/CodeIgniter.php(507): CodeIgniter\CodeIgniter->runController()
 7 SYSTEMPATH/CodeIgniter.php(354): CodeIgniter\CodeIgniter->handleRequest()
 8 SYSTEMPATH/Boot.php(334): CodeIgniter\CodeIgniter->run()
 9 SYSTEMPATH/Boot.php(67): CodeIgniter\Boot::runCodeIgniter()
10 FCPATH/index.php(62): CodeIgniter\Boot::bootWeb()
CRITICAL - 2025-03-19 19:04:27 --> [Caused by] CodeIgniter\Database\Exceptions\DatabaseException: pg_query(): Query failed: ERROR:  relation &quot;articulo&quot; does not exist
LINE 2: FROM &quot;articulo&quot;
             ^
in SYSTEMPATH/Database/Postgre/Connection.php on line 211.
 1 SYSTEMPATH/Database/BaseConnection.php(738): CodeIgniter\Database\Postgre\Connection->execute()
 2 SYSTEMPATH/Database/BaseConnection.php(652): CodeIgniter\Database\BaseConnection->simpleQuery()
 3 SYSTEMPATH/Database/BaseBuilder.php(1649): CodeIgniter\Database\BaseConnection->query()
 4 SYSTEMPATH/Model.php(286): CodeIgniter\Database\BaseBuilder->get()
 5 SYSTEMPATH/BaseModel.php(675): CodeIgniter\Model->doFindAll()
 6 APPPATH/Controllers/ApiController.php(32): CodeIgniter\BaseModel->findAll()
 7 SYSTEMPATH/CodeIgniter.php(933): App\Controllers\ApiController->recibirJuegos()
 8 SYSTEMPATH/CodeIgniter.php(507): CodeIgniter\CodeIgniter->runController()
 9 SYSTEMPATH/CodeIgniter.php(354): CodeIgniter\CodeIgniter->handleRequest()
10 SYSTEMPATH/Boot.php(334): CodeIgniter\CodeIgniter->run()
11 SYSTEMPATH/Boot.php(67): CodeIgniter\Boot::runCodeIgniter()
12 FCPATH/index.php(62): CodeIgniter\Boot::bootWeb()
CRITICAL - 2025-03-19 19:04:27 --> [Caused by] ErrorException: pg_query(): Query failed: ERROR:  relation &quot;articulo&quot; does not exist
LINE 2: FROM &quot;articulo&quot;
             ^
in SYSTEMPATH/Database/Postgre/Connection.php on line 206.
 1 [internal function]: CodeIgniter\Debug\Exceptions->errorHandler()
 2 SYSTEMPATH/Database/Postgre/Connection.php(206): pg_query()
 3 SYSTEMPATH/Database/BaseConnection.php(738): CodeIgniter\Database\Postgre\Connection->execute()
 4 SYSTEMPATH/Database/BaseConnection.php(652): CodeIgniter\Database\BaseConnection->simpleQuery()
 5 SYSTEMPATH/Database/BaseBuilder.php(1649): CodeIgniter\Database\BaseConnection->query()
 6 SYSTEMPATH/Model.php(286): CodeIgniter\Database\BaseBuilder->get()
 7 SYSTEMPATH/BaseModel.php(675): CodeIgniter\Model->doFindAll()
 8 APPPATH/Controllers/ApiController.php(32): CodeIgniter\BaseModel->findAll()
 9 SYSTEMPATH/CodeIgniter.php(933): App\Controllers\ApiController->recibirJuegos()
10 SYSTEMPATH/CodeIgniter.php(507): CodeIgniter\CodeIgniter->runController()
11 SYSTEMPATH/CodeIgniter.php(354): CodeIgniter\CodeIgniter->handleRequest()
12 SYSTEMPATH/Boot.php(334): CodeIgniter\CodeIgniter->run()
13 SYSTEMPATH/Boot.php(67): CodeIgniter\Boot::runCodeIgniter()
14 FCPATH/index.php(62): CodeIgniter\Boot::bootWeb()
ERROR - 2025-03-19 19:04:30 --> ErrorException: pg_query(): Query failed: ERROR:  relation &quot;articulo&quot; does not exist
LINE 2: FROM &quot;articulo&quot;
             ^ in /var/www/vhosts/saicasl.eu/apirest.saicasl.eu/api1/api/system/Database/Postgre/Connection.php:206
Stack trace:
#0 [internal function]: CodeIgniter\Debug\Exceptions->errorHandler()
#1 /var/www/vhosts/saicasl.eu/apirest.saicasl.eu/api1/api/system/Database/Postgre/Connection.php(206): pg_query()
#2 /var/www/vhosts/saicasl.eu/apirest.saicasl.eu/api1/api/system/Database/BaseConnection.php(738): CodeIgniter\Database\Postgre\Connection->execute()
#3 /var/www/vhosts/saicasl.eu/apirest.saicasl.eu/api1/api/system/Database/BaseConnection.php(652): CodeIgniter\Database\BaseConnection->simpleQuery()
#4 /var/www/vhosts/saicasl.eu/apirest.saicasl.eu/api1/api/system/Database/BaseBuilder.php(1649): CodeIgniter\Database\BaseConnection->query()
#5 /var/www/vhosts/saicasl.eu/apirest.saicasl.eu/api1/api/system/Model.php(286): CodeIgniter\Database\BaseBuilder->get()
#6 /var/www/vhosts/saicasl.eu/apirest.saicasl.eu/api1/api/system/BaseModel.php(675): CodeIgniter\Model->doFindAll()
#7 /var/www/vhosts/saicasl.eu/apirest.saicasl.eu/api1/api/app/Controllers/ApiController.php(32): CodeIgniter\BaseModel->findAll()
#8 /var/www/vhosts/saicasl.eu/apirest.saicasl.eu/api1/api/system/CodeIgniter.php(933): App\Controllers\ApiController->recibirJuegos()
#9 /var/www/vhosts/saicasl.eu/apirest.saicasl.eu/api1/api/system/CodeIgniter.php(507): CodeIgniter\CodeIgniter->runController()
#10 /var/www/vhosts/saicasl.eu/apirest.saicasl.eu/api1/api/system/CodeIgniter.php(354): CodeIgniter\CodeIgniter->handleRequest()
#11 /var/www/vhosts/saicasl.eu/apirest.saicasl.eu/api1/api/system/Boot.php(334): CodeIgniter\CodeIgniter->run()
#12 /var/www/vhosts/saicasl.eu/apirest.saicasl.eu/api1/api/system/Boot.php(67): CodeIgniter\Boot::runCodeIgniter()
#13 /var/www/vhosts/saicasl.eu/apirest.saicasl.eu/api1/api/public/index.php(62): CodeIgniter\Boot::bootWeb()
#14 {main}
CRITICAL - 2025-03-19 19:04:30 --> CodeIgniter\Database\Exceptions\DatabaseException: pg_query(): Query failed: ERROR:  relation &quot;articulo&quot; does not exist
LINE 2: FROM &quot;articulo&quot;
             ^
[Method: GET, Route: recibirJuegos]
in SYSTEMPATH/Database/BaseConnection.php on line 692.
 1 SYSTEMPATH/Database/BaseBuilder.php(1649): CodeIgniter\Database\BaseConnection->query()
 2 SYSTEMPATH/Model.php(286): CodeIgniter\Database\BaseBuilder->get()
 3 SYSTEMPATH/BaseModel.php(675): CodeIgniter\Model->doFindAll()
 4 APPPATH/Controllers/ApiController.php(32): CodeIgniter\BaseModel->findAll()
 5 SYSTEMPATH/CodeIgniter.php(933): App\Controllers\ApiController->recibirJuegos()
 6 SYSTEMPATH/CodeIgniter.php(507): CodeIgniter\CodeIgniter->runController()
 7 SYSTEMPATH/CodeIgniter.php(354): CodeIgniter\CodeIgniter->handleRequest()
 8 SYSTEMPATH/Boot.php(334): CodeIgniter\CodeIgniter->run()
 9 SYSTEMPATH/Boot.php(67): CodeIgniter\Boot::runCodeIgniter()
10 FCPATH/index.php(62): CodeIgniter\Boot::bootWeb()
CRITICAL - 2025-03-19 19:04:30 --> [Caused by] CodeIgniter\Database\Exceptions\DatabaseException: pg_query(): Query failed: ERROR:  relation &quot;articulo&quot; does not exist
LINE 2: FROM &quot;articulo&quot;
             ^
in SYSTEMPATH/Database/Postgre/Connection.php on line 211.
 1 SYSTEMPATH/Database/BaseConnection.php(738): CodeIgniter\Database\Postgre\Connection->execute()
 2 SYSTEMPATH/Database/BaseConnection.php(652): CodeIgniter\Database\BaseConnection->simpleQuery()
 3 SYSTEMPATH/Database/BaseBuilder.php(1649): CodeIgniter\Database\BaseConnection->query()
 4 SYSTEMPATH/Model.php(286): CodeIgniter\Database\BaseBuilder->get()
 5 SYSTEMPATH/BaseModel.php(675): CodeIgniter\Model->doFindAll()
 6 APPPATH/Controllers/ApiController.php(32): CodeIgniter\BaseModel->findAll()
 7 SYSTEMPATH/CodeIgniter.php(933): App\Controllers\ApiController->recibirJuegos()
 8 SYSTEMPATH/CodeIgniter.php(507): CodeIgniter\CodeIgniter->runController()
 9 SYSTEMPATH/CodeIgniter.php(354): CodeIgniter\CodeIgniter->handleRequest()
10 SYSTEMPATH/Boot.php(334): CodeIgniter\CodeIgniter->run()
11 SYSTEMPATH/Boot.php(67): CodeIgniter\Boot::runCodeIgniter()
12 FCPATH/index.php(62): CodeIgniter\Boot::bootWeb()
CRITICAL - 2025-03-19 19:04:30 --> [Caused by] ErrorException: pg_query(): Query failed: ERROR:  relation &quot;articulo&quot; does not exist
LINE 2: FROM &quot;articulo&quot;
             ^
in SYSTEMPATH/Database/Postgre/Connection.php on line 206.
 1 [internal function]: CodeIgniter\Debug\Exceptions->errorHandler()
 2 SYSTEMPATH/Database/Postgre/Connection.php(206): pg_query()
 3 SYSTEMPATH/Database/BaseConnection.php(738): CodeIgniter\Database\Postgre\Connection->execute()
 4 SYSTEMPATH/Database/BaseConnection.php(652): CodeIgniter\Database\BaseConnection->simpleQuery()
 5 SYSTEMPATH/Database/BaseBuilder.php(1649): CodeIgniter\Database\BaseConnection->query()
 6 SYSTEMPATH/Model.php(286): CodeIgniter\Database\BaseBuilder->get()
 7 SYSTEMPATH/BaseModel.php(675): CodeIgniter\Model->doFindAll()
 8 APPPATH/Controllers/ApiController.php(32): CodeIgniter\BaseModel->findAll()
 9 SYSTEMPATH/CodeIgniter.php(933): App\Controllers\ApiController->recibirJuegos()
10 SYSTEMPATH/CodeIgniter.php(507): CodeIgniter\CodeIgniter->runController()
11 SYSTEMPATH/CodeIgniter.php(354): CodeIgniter\CodeIgniter->handleRequest()
12 SYSTEMPATH/Boot.php(334): CodeIgniter\CodeIgniter->run()
13 SYSTEMPATH/Boot.php(67): CodeIgniter\Boot::runCodeIgniter()
14 FCPATH/index.php(62): CodeIgniter\Boot::bootWeb()
ERROR - 2025-03-19 19:11:03 --> ErrorException: pg_query(): Query failed: ERROR:  relation &quot;articulo&quot; does not exist
LINE 2: FROM &quot;articulo&quot;
             ^ in /var/www/vhosts/saicasl.eu/apirest.saicasl.eu/api1/api/system/Database/Postgre/Connection.php:206
Stack trace:
#0 [internal function]: CodeIgniter\Debug\Exceptions->errorHandler()
#1 /var/www/vhosts/saicasl.eu/apirest.saicasl.eu/api1/api/system/Database/Postgre/Connection.php(206): pg_query()
#2 /var/www/vhosts/saicasl.eu/apirest.saicasl.eu/api1/api/system/Database/BaseConnection.php(738): CodeIgniter\Database\Postgre\Connection->execute()
#3 /var/www/vhosts/saicasl.eu/apirest.saicasl.eu/api1/api/system/Database/BaseConnection.php(652): CodeIgniter\Database\BaseConnection->simpleQuery()
#4 /var/www/vhosts/saicasl.eu/apirest.saicasl.eu/api1/api/system/Database/BaseBuilder.php(1649): CodeIgniter\Database\BaseConnection->query()
#5 /var/www/vhosts/saicasl.eu/apirest.saicasl.eu/api1/api/system/Model.php(286): CodeIgniter\Database\BaseBuilder->get()
#6 /var/www/vhosts/saicasl.eu/apirest.saicasl.eu/api1/api/system/BaseModel.php(675): CodeIgniter\Model->doFindAll()
#7 /var/www/vhosts/saicasl.eu/apirest.saicasl.eu/api1/api/app/Controllers/ApiController.php(32): CodeIgniter\BaseModel->findAll()
#8 /var/www/vhosts/saicasl.eu/apirest.saicasl.eu/api1/api/system/CodeIgniter.php(933): App\Controllers\ApiController->recibirJuegos()
#9 /var/www/vhosts/saicasl.eu/apirest.saicasl.eu/api1/api/system/CodeIgniter.php(507): CodeIgniter\CodeIgniter->runController()
#10 /var/www/vhosts/saicasl.eu/apirest.saicasl.eu/api1/api/system/CodeIgniter.php(354): CodeIgniter\CodeIgniter->handleRequest()
#11 /var/www/vhosts/saicasl.eu/apirest.saicasl.eu/api1/api/system/Boot.php(334): CodeIgniter\CodeIgniter->run()
#12 /var/www/vhosts/saicasl.eu/apirest.saicasl.eu/api1/api/system/Boot.php(67): CodeIgniter\Boot::runCodeIgniter()
#13 /var/www/vhosts/saicasl.eu/apirest.saicasl.eu/api1/api/public/index.php(62): CodeIgniter\Boot::bootWeb()
#14 {main}
CRITICAL - 2025-03-19 19:11:03 --> CodeIgniter\Database\Exceptions\DatabaseException: pg_query(): Query failed: ERROR:  relation &quot;articulo&quot; does not exist
LINE 2: FROM &quot;articulo&quot;
             ^
[Method: GET, Route: recibirJuegos]
in SYSTEMPATH/Database/BaseConnection.php on line 692.
 1 SYSTEMPATH/Database/BaseBuilder.php(1649): CodeIgniter\Database\BaseConnection->query()
 2 SYSTEMPATH/Model.php(286): CodeIgniter\Database\BaseBuilder->get()
 3 SYSTEMPATH/BaseModel.php(675): CodeIgniter\Model->doFindAll()
 4 APPPATH/Controllers/ApiController.php(32): CodeIgniter\BaseModel->findAll()
 5 SYSTEMPATH/CodeIgniter.php(933): App\Controllers\ApiController->recibirJuegos()
 6 SYSTEMPATH/CodeIgniter.php(507): CodeIgniter\CodeIgniter->runController()
 7 SYSTEMPATH/CodeIgniter.php(354): CodeIgniter\CodeIgniter->handleRequest()
 8 SYSTEMPATH/Boot.php(334): CodeIgniter\CodeIgniter->run()
 9 SYSTEMPATH/Boot.php(67): CodeIgniter\Boot::runCodeIgniter()
10 FCPATH/index.php(62): CodeIgniter\Boot::bootWeb()
CRITICAL - 2025-03-19 19:11:03 --> [Caused by] CodeIgniter\Database\Exceptions\DatabaseException: pg_query(): Query failed: ERROR:  relation &quot;articulo&quot; does not exist
LINE 2: FROM &quot;articulo&quot;
             ^
in SYSTEMPATH/Database/Postgre/Connection.php on line 211.
 1 SYSTEMPATH/Database/BaseConnection.php(738): CodeIgniter\Database\Postgre\Connection->execute()
 2 SYSTEMPATH/Database/BaseConnection.php(652): CodeIgniter\Database\BaseConnection->simpleQuery()
 3 SYSTEMPATH/Database/BaseBuilder.php(1649): CodeIgniter\Database\BaseConnection->query()
 4 SYSTEMPATH/Model.php(286): CodeIgniter\Database\BaseBuilder->get()
 5 SYSTEMPATH/BaseModel.php(675): CodeIgniter\Model->doFindAll()
 6 APPPATH/Controllers/ApiController.php(32): CodeIgniter\BaseModel->findAll()
 7 SYSTEMPATH/CodeIgniter.php(933): App\Controllers\ApiController->recibirJuegos()
 8 SYSTEMPATH/CodeIgniter.php(507): CodeIgniter\CodeIgniter->runController()
 9 SYSTEMPATH/CodeIgniter.php(354): CodeIgniter\CodeIgniter->handleRequest()
10 SYSTEMPATH/Boot.php(334): CodeIgniter\CodeIgniter->run()
11 SYSTEMPATH/Boot.php(67): CodeIgniter\Boot::runCodeIgniter()
12 FCPATH/index.php(62): CodeIgniter\Boot::bootWeb()
CRITICAL - 2025-03-19 19:11:03 --> [Caused by] ErrorException: pg_query(): Query failed: ERROR:  relation &quot;articulo&quot; does not exist
LINE 2: FROM &quot;articulo&quot;
             ^
in SYSTEMPATH/Database/Postgre/Connection.php on line 206.
 1 [internal function]: CodeIgniter\Debug\Exceptions->errorHandler()
 2 SYSTEMPATH/Database/Postgre/Connection.php(206): pg_query()
 3 SYSTEMPATH/Database/BaseConnection.php(738): CodeIgniter\Database\Postgre\Connection->execute()
 4 SYSTEMPATH/Database/BaseConnection.php(652): CodeIgniter\Database\BaseConnection->simpleQuery()
 5 SYSTEMPATH/Database/BaseBuilder.php(1649): CodeIgniter\Database\BaseConnection->query()
 6 SYSTEMPATH/Model.php(286): CodeIgniter\Database\BaseBuilder->get()
 7 SYSTEMPATH/BaseModel.php(675): CodeIgniter\Model->doFindAll()
 8 APPPATH/Controllers/ApiController.php(32): CodeIgniter\BaseModel->findAll()
 9 SYSTEMPATH/CodeIgniter.php(933): App\Controllers\ApiController->recibirJuegos()
10 SYSTEMPATH/CodeIgniter.php(507): CodeIgniter\CodeIgniter->runController()
11 SYSTEMPATH/CodeIgniter.php(354): CodeIgniter\CodeIgniter->handleRequest()
12 SYSTEMPATH/Boot.php(334): CodeIgniter\CodeIgniter->run()
13 SYSTEMPATH/Boot.php(67): CodeIgniter\Boot::runCodeIgniter()
14 FCPATH/index.php(62): CodeIgniter\Boot::bootWeb()
